<?xml version="1.0" encoding="UTF-8" ?>
<testsuite errors="1" failures="6" hostname="fit-vm8-239" name="com.ibm.rdm.client.api.tests.AllAutomatedTests" tests="1740" time="14429.64" timestamp="2014-03-18T09:04:22">
  <properties>
[...]
</properties>
  <testcase classname="com.ibm.rdm.client.api.tests.LicenseAvailabilityTest" endTimestamp="2014-03-18T09:04:23" id="cda56593-f848-4299-b68e-a76105811a6e" name="testLicenseAvailability" startTimestamp="2014-03-18T09:04:23" time="0.374" />
  <testcase classname="com.ibm.rdm.client.api.tests.vvc.VVCResourceTests" endTimestamp="2014-03-18T09:04:47" id="4a0981c5-6742-40aa-bf25-89e6ac9d6b6f" name="testTagCRUD" startTimestamp="2014-03-18T09:04:23" time="23.583" />
  <testcase classname="com.ibm.rdm.client.api.tests.vvc.VVCResourceTests" endTimestamp="2014-03-18T09:05:50" id="dcf567c8-ffba-4df0-b40f-6f263284dd50" name="testTagging" startTimestamp="2014-03-18T09:04:47" time="63.229" />
  <testcase classname="com.ibm.rdm.client.api.tests.vvc.VVCResourceTests" endTimestamp="2014-03-18T09:05:54" id="6664440d-aebc-44db-b08b-47925fc52dcb" name="testBulkUpdate" startTimestamp="2014-03-18T09:05:50" time="4.117" />
  <testcase classname="com.ibm.rdm.client.api.tests.vvc.VVCResourceTests" endTimestamp="2014-03-18T09:06:17" id="d5fbaed6-fe8c-40c3-817b-7ca256b6db61" name="testCRUD" startTimestamp="2014-03-18T09:05:54" time="22.599" />
  <testcase classname="com.ibm.rdm.client.api.tests.vvc.VVCResourceTests" endTimestamp="2014-03-18T09:06:17" id="09bfea21-8ee9-4bb5-8b22-ad5c361c1929" name="testManualSteps" startTimestamp="2014-03-18T09:06:17" time="0.054" />
  <testcase classname="com.ibm.rdm.client.api.tests.vvc.VVCResourceTests" endTimestamp="2014-03-18T09:06:34" id="07bd7014-3cdf-4b85-afad-ed593bc830dc" name="testRecentCommentFeeds" startTimestamp="2014-03-18T09:06:17" time="17.29" />
  <testcase classname="com.ibm.rdm.client.api.tests.vvc.VVCResourceTests" endTimestamp="2014-03-18T09:06:38" id="6be1cc24-28b6-41c8-8e89-0ed5ead73b9d" name="testRetrieveResourceVersion" startTimestamp="2014-03-18T09:06:34" time="3.58" />
  <testcase classname="com.ibm.rdm.client.api.tests.vvc.VVCResourceTests" endTimestamp="2014-03-18T09:06:39" id="76049f7c-e748-488b-a62d-2bd790d6e751" name="testComment" startTimestamp="2014-03-18T09:06:38" time="1.07" />
  <testcase classname="com.ibm.rdm.client.api.tests.vvc.VVCResourceTests" endTimestamp="2014-03-18T09:06:41" id="fbe09876-63fd-4320-b3e8-ce7d83f86ef6" name="testCreate" startTimestamp="2014-03-18T09:06:39" time="1.936" />
  <testcase classname="com.ibm.rdm.client.api.tests.vvc.VVCResourceTests" endTimestamp="2014-03-18T09:08:27" id="4b18f1cf-9cc7-456a-90f3-476f31901272" name="testCreateNewVersion" startTimestamp="2014-03-18T09:06:41" time="106.108" />
  <testcase classname="com.ibm.rdm.client.api.tests.vvc.VVCResourceTests" endTimestamp="2014-03-18T09:11:11" id="d8747118-c933-40a4-bb95-cd6f27e1f377" name="testRecentRequirementsFeeds" startTimestamp="2014-03-18T09:08:27" time="164.114" />
  <testcase classname="com.ibm.rdm.client.api.tests.vvc.VVCResourceTests" endTimestamp="2014-03-18T09:11:16" id="1e9045f0-8ac8-4b6b-ab04-15db1b913a7b" name="testIdentifier" startTimestamp="2014-03-18T09:11:11" time="4.932" />
  <testcase classname="com.ibm.rdm.client.api.tests.vvc.VVCFolderTests" endTimestamp="2014-03-18T09:11:38" id="5dfd886e-3a31-46f5-887c-2cf7bebed4bd" name="testFolderCRUD" startTimestamp="2014-03-18T09:11:16" time="22.229" />
  <testcase classname="com.ibm.rdm.client.api.tests.vvc.VVCFolderTests" endTimestamp="2014-03-18T09:11:40" id="0276c2f6-b09c-44aa-b3ca-372a63afd604" name="testResourceUpdate" startTimestamp="2014-03-18T09:11:38" time="2.075" />
  <testcase classname="com.ibm.rdm.client.api.tests.vvc.VVCFolderTests" endTimestamp="2014-03-18T09:12:04" id="25be6c11-befe-44c3-809c-0d95b58764e8" name="testResourceMoveChild" startTimestamp="2014-03-18T09:11:40" time="23.961" />
  <testcase classname="com.ibm.rdm.client.api.tests.vvc.VVCFolderTests" endTimestamp="2014-03-18T09:12:25" id="1ea66852-7d2c-46d7-892c-32c4c3cc9667" name="testFolderRename" startTimestamp="2014-03-18T09:12:04" time="20.414" />
  <testcase classname="com.ibm.rdm.client.api.tests.vvc.VVCFolderTests" endTimestamp="2014-03-18T09:12:48" id="938b6eef-f699-4c2d-847d-f7e61c45b0e5" name="testResourceMove" startTimestamp="2014-03-18T09:12:25" time="23.553" />
  <testcase classname="com.ibm.rdm.client.api.tests.vvc.VVCModuleTests" endTimestamp="2014-03-18T09:13:15" id="45a73440-18a3-437a-9325-93e9c6841c5a" name="testModuleTemplate" startTimestamp="2014-03-18T09:12:48" time="27.178" />
  <testcase classname="com.ibm.rdm.client.api.tests.vvc.VVCModuleTests" endTimestamp="2014-03-18T09:14:05" id="83eedd54-f079-4201-bbfe-edb73026d978" name="testModuleCRUD" startTimestamp="2014-03-18T09:13:15" time="49.929" />
  <testcase classname="com.ibm.rdm.client.api.tests.vvc.VVCModuleTests" endTimestamp="2014-03-18T09:15:00" id="ac2544e7-a68c-48a9-adfd-6ed1e0f99f2b" name="testModuleViewResultsInChildConfiguration" startTimestamp="2014-03-18T09:14:05" time="54.925" />
  <testcase classname="com.ibm.rdm.client.api.tests.vvc.VVCModuleTests" endTimestamp="2014-03-18T09:16:04" id="2347b5d0-eb00-42d6-9c62-6d1d3e19ee5a" name="testShouldAcquireLockOnModuleStructureIfLockedInChildWorkspace" startTimestamp="2014-03-18T09:15:00" time="64.027" />
  <testcase classname="com.ibm.rdm.client.api.tests.vvc.VVCModuleTests" endTimestamp="2014-03-18T09:16:23" id="a2bd01ab-6905-4edb-943a-65dc27cae4ed" name="testModuleUpdateBinding" startTimestamp="2014-03-18T09:16:04" time="18.698" />
  <testcase classname="com.ibm.rdm.client.api.tests.vvc.VVCModuleTests" endTimestamp="2014-03-18T09:17:06" id="eaee7f5f-0f52-45d3-a09a-1f6a4796fc17" name="testShouldAcquireLockOnModuleStructureIfLockedInParentWorkspace" startTimestamp="2014-03-18T09:16:23" time="43.045" />
  <testcase classname="com.ibm.rdm.client.api.tests.vvc.VVCModuleTests" endTimestamp="2014-03-18T09:17:39" id="21ee9d7b-fc40-4d02-a3f1-59d3822743c7" name="testModuleCreateBindings" startTimestamp="2014-03-18T09:17:06" time="32.998" />
  <testcase classname="com.ibm.rdm.client.api.tests.vvc.VVCModuleTests" endTimestamp="2014-03-18T09:18:02" id="77e4dd91-83fa-43cd-97af-78cc227eeb43" name="testModuleCreateHierarchy" startTimestamp="2014-03-18T09:17:39" time="22.975" />
  <testcase classname="com.ibm.rdm.client.api.tests.vvc.VVCModuleTests" endTimestamp="2014-03-18T09:19:10" id="8805bedb-cf91-4fb0-a800-2f9b3c24a346" name="testVerifySideBySide" startTimestamp="2014-03-18T09:18:02" time="67.488" />
  <testcase classname="com.ibm.rdm.client.api.tests.vvc.VVCModuleTests" endTimestamp="2014-03-18T09:20:06" id="2e7fc9d2-bb27-4c99-8a87-f43a3f01d734" name="testModuleBindingDemoteIsNotVisibleInParentConfiguration" startTimestamp="2014-03-18T09:19:10" time="56.278" />
  <testcase classname="com.ibm.rdm.client.api.tests.vvc.VVCModuleTests" endTimestamp="2014-03-18T09:21:42" id="3a32a96b-f7b0-4fad-81e5-c474a40327c2" name="testViewServiceShouldNotReturnOrphanBinding" startTimestamp="2014-03-18T09:20:06" time="95.937" />
  <testcase classname="com.ibm.rdm.client.api.tests.vvc.VVCQueryTests" endTimestamp="2014-03-18T09:22:04" id="039ef122-c657-457d-b3ea-9cc7dafc580d" name="testQuery" startTimestamp="2014-03-18T09:21:42" time="22.303" />
  <testcase classname="com.ibm.rdm.client.api.tests.vvc.VVCQueryTests" endTimestamp="2014-03-18T09:22:06" id="1f8644ce-c65c-4cb2-a521-5613505410bf" name="testQueryResourceURI" startTimestamp="2014-03-18T09:22:04" time="1.591" />
  <testcase classname="com.ibm.rdm.client.api.tests.vvc.VVCQueryTests" endTimestamp="2014-03-18T09:22:07" id="05161ca0-c3ae-41f4-b95a-524414d355b8" name="testDescribeURI" startTimestamp="2014-03-18T09:22:06" time="1.436" />
  <testcase classname="com.ibm.rdm.client.api.tests.vvc.VVCWrapperTests" endTimestamp="2014-03-18T09:22:09" id="712dc97c-0c79-4a31-9f7c-1b8424f82d04" name="testWrapperResource" startTimestamp="2014-03-18T09:22:07" time="1.626" />
  <testcase classname="com.ibm.rdm.client.api.tests.vvc.VVCWrapperTests" endTimestamp="2014-03-18T09:22:31" id="5cb136d0-fa83-49fa-96a0-d9601f00fffa" name="testWrappedResource" startTimestamp="2014-03-18T09:22:09" time="22.359" />
  <testcase classname="com.ibm.rdm.client.api.tests.vvc.VVCLinkTests" endTimestamp="2014-03-18T09:23:15" id="ee131371-1dc1-4eb3-910d-c378bf2a60ca" name="testCRUD" startTimestamp="2014-03-18T09:22:31" time="43.549" />
  <testcase classname="com.ibm.rdm.client.api.tests.vvc.VVCLinkTests" endTimestamp="2014-03-18T09:23:39" id="2b156732-32fb-404c-b5cd-22d2f4aa6600" name="testUpdateTarget" startTimestamp="2014-03-18T09:23:15" time="24.427" />
  <testcase classname="com.ibm.rdm.client.api.tests.vvc.VVCTypeTests" endTimestamp="2014-03-18T09:24:43" id="24f8c091-2850-405e-9172-13c98235606b" name="testObjectType" startTimestamp="2014-03-18T09:23:39" time="64.25" />
  <testcase classname="com.ibm.rdm.client.api.tests.vvc.VVCChangesetTests" endTimestamp="2014-03-18T09:24:44" id="58656ebc-a7b7-4eff-a6e8-98470bdedc03" name="testCreateChangeset" startTimestamp="2014-03-18T09:24:43" time="0.532" />
  <testcase classname="com.ibm.rdm.client.api.tests.vvc.VVCChangesetTests" endTimestamp="2014-03-18T09:26:47" id="e5554518-c69a-4922-a756-1a66778bda64" name="testVersionPropagation" startTimestamp="2014-03-18T09:24:44" time="123.124" />
  <testcase classname="com.ibm.rdm.client.api.tests.vvc.VVCProjectTests" endTimestamp="2014-03-18T09:26:50" id="a06c7ddf-23d1-4490-9f24-0f7947bba510" name="testCreateProjectInNewSpace" startTimestamp="2014-03-18T09:26:47" time="3.074" />
  <testcase classname="com.ibm.rdm.client.api.tests.vvc.VVCLinkPreferencesTests" endTimestamp="2014-03-18T09:27:31" id="2a944eba-0c11-4403-a739-cdd93d912d5e" name="testLinkPreferenceCreationInChildConfigIsNotVisibleInParentConfig" startTimestamp="2014-03-18T09:26:50" time="41.032" />
  <testcase classname="com.ibm.rdm.client.api.tests.vvc.VVCLinkPreferencesTests" endTimestamp="2014-03-18T09:28:13" id="1eb6f5b7-997a-49bf-9bc9-3b20c51c7082" name="testLinkPreferenceCreationInParentConfigIsVisibleInChildConfig" startTimestamp="2014-03-18T09:27:31" time="41.547" />
  <testcase classname="com.ibm.rdm.client.api.tests.vvc.VVCLinkPreferencesTests" endTimestamp="2014-03-18T09:28:15" id="d8e21b90-17a9-418d-831f-0266b2b71385" name="testLinkPreferenceCreationAndDeletionInAConfig" startTimestamp="2014-03-18T09:28:13" time="2.158" />
  <testcase classname="com.ibm.rdm.client.api.tests.vvc.VVCLinkPreferencesTests" endTimestamp="2014-03-18T09:28:17" id="a63fa097-7293-4a0a-ae0e-0e947e152869" name="testLinkPreferenceQueryResultsAreAllConceptUris" startTimestamp="2014-03-18T09:28:15" time="1.928" />
  <testcase classname="com.ibm.rdm.client.api.tests.vvc.VVCLinkPreferencesTests" endTimestamp="2014-03-18T09:28:59" id="d3bd5710-86b4-491a-bc1f-a48d5ee8a6b4" name="testLinkPreferenceUpdateInParentConfigIsVisibleInChildConfig" startTimestamp="2014-03-18T09:28:17" time="42.584" />
  <testcase classname="com.ibm.rdm.client.api.tests.vvc.VVCLinkPreferencesTests" endTimestamp="2014-03-18T09:29:02" id="fb9869a1-55da-4ebd-ac86-fff978d23f40" name="testLinkPreferenceMultipleUpdates" startTimestamp="2014-03-18T09:28:59" time="2.457" />
  <testcase classname="com.ibm.rdm.client.api.tests.vvc.VVCLinkPreferencesTests" endTimestamp="2014-03-18T09:29:44" id="607bff5f-1970-4db8-a4be-36287c04870c" name="testLinkPreferenceUpdateInChildConfigIsNotVisibleInParentConfig" startTimestamp="2014-03-18T09:29:02" time="42.509" />
  <testcase classname="com.ibm.rdm.client.api.tests.vvc.VVCDefaultProjectConfigurationTests" endTimestamp="2014-03-18T09:29:47" id="e982144c-0a34-4aa2-a312-049e13c66382" name="testDefaultConfigurationSetAfterCreatingProject" startTimestamp="2014-03-18T09:29:44" time="2.917" />
  <testcase classname="com.ibm.rdm.client.api.tests.vvc.VVCGlossaryTests" endTimestamp="2014-03-18T09:31:14" id="56c0fa16-2a25-479c-a720-dcd2b81ed208" name="testGlossaryTermQueryResultsAreAllConceptUris" startTimestamp="2014-03-18T09:29:47" time="86.599" />
  <testcase classname="com.ibm.rdm.client.api.tests.vvc.VVCGlossaryTests" endTimestamp="2014-03-18T09:32:37" id="885299c5-ffc1-41a3-88a2-772a17d60afd" name="testCreateGlossaryTermInAConfigIsNotVisibleInSiblingConfig" startTimestamp="2014-03-18T09:31:14" time="82.758" />
  <testcase classname="com.ibm.rdm.client.api.tests.vvc.VVCGlossaryTests" endTimestamp="2014-03-18T09:34:00" id="1bbd6bea-6d86-48fe-99fc-abe7858f1b1e" name="testModifyGlossaryTermInParentConfigIsNotVisibleInChildConfig" startTimestamp="2014-03-18T09:32:37" time="83.025">
    <failure type="junit.framework.AssertionFailedError">junit.framework.AssertionFailedError
	at com.ibm.rdm.client.api.tests.fixture.GlossaryFixture.assertNotInQueryResponse(GlossaryFixture.java:808)
	at com.ibm.rdm.client.api.tests.vvc.VVCGlossaryTests.testModifyGlossaryTermInParentConfigIsNotVisibleInChildConfig(VVCGlossaryTests.java:574)
	at com.ibm.rdm.client.api.tests.ReportingTestCase.runTest(ReportingTestCase.java:41)
	at com.ibm.rdm.client.api.tests.AcceptanceTestCase.runBare(AcceptanceTestCase.java:106)
	at com.ibm.rdm.client.api.tests.AllAutomatedTests.runTest(AllAutomatedTests.java:129)
	at com.ibm.rm.tools.headless.commands.RunJunits.executeAntScript(RunJunits.java:310)
	at com.ibm.rm.tools.headless.commands.RunJunits.doAntScript(RunJunits.java:183)
	at com.ibm.rm.tools.headless.commands.RunJunits.run(RunJunits.java:101)
	at com.ibm.rm.tools.core.commands.AbstractBuildCommand.execute(AbstractBuildCommand.java:49)
	at com.ibm.rm.tools.headless.service.extensions.ConsoleCommandRunner$1.call(ConsoleCommandRunner.java:31)
	at com.ibm.rm.tools.headless.service.extensions.ConsoleCommandRunner$1.call(ConsoleCommandRunner.java:1)
	at java.util.concurrent.FutureTask$Sync.innerRun(FutureTask.java:314)
	at java.util.concurrent.FutureTask.run(FutureTask.java:149)
	at java.util.concurrent.ThreadPoolExecutor$Worker.runTask(ThreadPoolExecutor.java:897)
	at java.util.concurrent.ThreadPoolExecutor$Worker.run(ThreadPoolExecutor.java:919)
	at java.lang.Thread.run(Thread.java:738)
</failure>
  </testcase>
  <testcase classname="com.ibm.rdm.client.api.tests.vvc.VVCGlossaryTests" endTimestamp="2014-03-18T09:34:22" id="0a830f45-c782-470a-9ca6-2deac89979c1" name="testModifyGlossaryTermInChildConfigIsNotVisibleInParentConfig" startTimestamp="2014-03-18T09:34:00" time="22.727">
    <failure message="Expected 0 Terms to be returned expected:&lt;0&gt; but was:&lt;1&gt;" type="junit.framework.AssertionFailedError">junit.framework.AssertionFailedError: Expected 0 Terms to be returned expected:&lt;0&gt; but was:&lt;1&gt;
	at com.ibm.rdm.client.api.tests.fixture.GlossaryFixture.assertExpectedTermsCountInQueryResponse(GlossaryFixture.java:825)
	at com.ibm.rdm.client.api.tests.vvc.VVCGlossaryTests.testModifyGlossaryTermInChildConfigIsNotVisibleInParentConfig(VVCGlossaryTests.java:483)
	at com.ibm.rdm.client.api.tests.ReportingTestCase.runTest(ReportingTestCase.java:41)
	at com.ibm.rdm.client.api.tests.AcceptanceTestCase.runBare(AcceptanceTestCase.java:106)
	at com.ibm.rdm.client.api.tests.AllAutomatedTests.runTest(AllAutomatedTests.java:129)
	at com.ibm.rm.tools.headless.commands.RunJunits.executeAntScript(RunJunits.java:310)
	at com.ibm.rm.tools.headless.commands.RunJunits.doAntScript(RunJunits.java:183)
	at com.ibm.rm.tools.headless.commands.RunJunits.run(RunJunits.java:101)
	at com.ibm.rm.tools.core.commands.AbstractBuildCommand.execute(AbstractBuildCommand.java:49)
	at com.ibm.rm.tools.headless.service.extensions.ConsoleCommandRunner$1.call(ConsoleCommandRunner.java:31)
	at com.ibm.rm.tools.headless.service.extensions.ConsoleCommandRunner$1.call(ConsoleCommandRunner.java:1)
	at java.util.concurrent.FutureTask$Sync.innerRun(FutureTask.java:314)
	at java.util.concurrent.FutureTask.run(FutureTask.java:149)
	at java.util.concurrent.ThreadPoolExecutor$Worker.runTask(ThreadPoolExecutor.java:897)
	at java.util.concurrent.ThreadPoolExecutor$Worker.run(ThreadPoolExecutor.java:919)
	at java.lang.Thread.run(Thread.java:738)
</failure>
  </testcase>
  <testcase classname="com.ibm.rdm.client.api.tests.vvc.VVCGlossaryTests" endTimestamp="2014-03-18T09:34:45" id="005e6d4c-ad62-4dcd-a63b-3f590ad79d27" name="testCreateGlossaryTermInParentConfigIsVisibleInChildConfig" startTimestamp="2014-03-18T09:34:22" time="22.666" />
  <testcase classname="com.ibm.rdm.client.api.tests.vvc.VVCGlossaryTests" endTimestamp="2014-03-18T09:35:06" id="2022537a-f4d2-4a2f-a9de-30db60a8cc52" name="testCreateAndDeleteGlossaryTermInAConfig" startTimestamp="2014-03-18T09:34:45" time="21.481" />
  <testcase classname="com.ibm.rdm.client.api.tests.vvc.VVCGlossaryTests" endTimestamp="2014-03-18T09:35:49" id="d21b05eb-d82d-4770-9824-e486bb106c04" name="testCreateModifyAndDeleteGlossaryTermInAConfig" startTimestamp="2014-03-18T09:35:06" time="42.227" />
  <testcase classname="com.ibm.rdm.client.api.tests.vvc.VVCGlossaryTests" endTimestamp="2014-03-18T09:36:30" id="311fe0b7-24d4-4878-9e2d-6ff3e99d69e7" name="testCreateGlossaryTermInAChildConfigIsNotVisibleInParentConfig" startTimestamp="2014-03-18T09:35:49" time="41.561" />
  <testcase classname="com.ibm.rdm.client.api.tests.vvc.VVCTextSearchTests" endTimestamp="2014-03-18T09:36:33" id="da19eb81-5784-4df0-a499-98a754a8a7dc" name="testSimpleTextSearchShouldFindModifiedArtifact" startTimestamp="2014-03-18T09:36:30" time="3.085" />
  <testcase classname="com.ibm.rdm.client.api.tests.vvc.VVCTextSearchTests" endTimestamp="2014-03-18T09:36:35" id="486156d6-6d74-4b4f-82bf-7438a54c2569" name="testSimpleTextSearchShouldFindCreatedArtifact" startTimestamp="2014-03-18T09:36:33" time="2.039" />
  <testcase classname="com.ibm.rdm.client.api.tests.vvc.VVCCollectionTests" endTimestamp="2014-03-18T09:37:02" id="f6647136-cb9e-47b9-864c-3aeb9537b91b" name="testCRUD" startTimestamp="2014-03-18T09:36:35" time="26.456" />
  <testcase classname="com.ibm.rdm.client.api.tests.vvc.VVCTRSTests" endTimestamp="2014-03-18T09:38:34" id="9b30c623-e077-4daf-a47f-f6daaa496908" name="testEventsInDefaultConfiguration" startTimestamp="2014-03-18T09:37:02" time="92.638" />
  <testcase classname="com.ibm.rdm.client.api.tests.vvc.VVCTRSTests" endTimestamp="2014-03-18T09:39:56" id="fcddd622-24e0-45e7-93f3-4d5f92a38e5f" name="testNoEventsInChangeset" startTimestamp="2014-03-18T09:38:34" time="81.79" />
  <testcase classname="com.ibm.rdm.client.api.tests.vvc.VVCRevisionsTests" endTimestamp="2014-03-18T09:41:20" id="44d52363-fe76-4891-8b07-af69d9a8dd86" name="testGetRevisionsForAConceptUri" startTimestamp="2014-03-18T09:39:56" time="83.725" />
  <testcase classname="com.ibm.rdm.client.api.tests.diff.DiffServiceArtifactAttributeTest" endTimestamp="2014-03-18T09:41:25" id="4f70be55-520e-417d-ac3b-f276a5b3a3ab" name="testGetArtifactDiffWithVVC" startTimestamp="2014-03-18T09:41:20" time="5.393" />
  <testcase classname="com.ibm.rdm.client.api.tests.diff.DiffServiceArtifactAttributeTest" endTimestamp="2014-03-18T09:41:27" id="2b273a65-2729-4a76-b379-d5769934ff6d" name="testGetArtifactDiff_resolvesToIdenticalVersions" startTimestamp="2014-03-18T09:41:25" time="1.971" />
  <testcase classname="com.ibm.rdm.client.api.tests.diff.DiffServiceModuleStructureTest" endTimestamp="2014-03-18T09:41:42" id="b93acb3f-94b1-481b-a19b-043171dfed09" name="testGetModuleDiffWithVVC" startTimestamp="2014-03-18T09:41:27" time="14.436" />
  <testcase classname="com.ibm.rdm.client.api.tests.views.execution.AutoPageFilterViewServiceExecutionTest" endTimestamp="2014-03-18T09:43:06" id="546b49a8-d9b3-4d53-aae2-2e546097bbf5" name="testStubbedCLMFilterExecution" startTimestamp="2014-03-18T09:41:42" time="83.491" />
  <testcase classname="com.ibm.rdm.client.api.tests.views.execution.AutoPageFilterViewServiceExecutionTest" endTimestamp="2014-03-18T09:43:06" id="085aea4e-98f6-417a-bb7f-5141f17eafe2" name="testFilterPageSize3" startTimestamp="2014-03-18T09:43:06" time="0.581" />
  <testcase classname="com.ibm.rdm.client.api.tests.views.execution.AutoPageFilterViewServiceExecutionTest" endTimestamp="2014-03-18T09:43:07" id="4da588e4-b9c2-4e50-a2d4-edf7b06570d6" name="testFilterPageSize6" startTimestamp="2014-03-18T09:43:06" time="0.318" />
  <testcase classname="com.ibm.rdm.client.api.tests.views.execution.AutoPageFilterViewServiceExecutionTest" endTimestamp="2014-03-18T09:43:07" id="906a3dcc-e71e-4cc4-874c-cccd2fd88eee" name="testFilterNoPaging" startTimestamp="2014-03-18T09:43:07" time="0.329" />
  <testcase classname="com.ibm.rdm.client.api.tests.views.execution.AutoPageFilterViewServiceExecutionTest" endTimestamp="2014-03-18T09:43:08" id="2d817770-2f61-461f-8b1b-b9d7033cd9e1" name="testNoFilterNoPaging" startTimestamp="2014-03-18T09:43:07" time="0.572" />
  <testcase classname="com.ibm.rdm.client.api.tests.views.execution.DerivedLinksViewServiceExecutionTest" endTimestamp="2014-03-18T09:43:09" id="7e8229e8-ce93-4cf7-8bb3-1fc99fc96186" name="testGridViewDrillDownR6ToDerivedReferencesLinkConstrainRoles" startTimestamp="2014-03-18T09:43:08" time="0.923" />
  <testcase classname="com.ibm.rdm.client.api.tests.views.execution.DerivedLinksViewServiceExecutionTest" endTimestamp="2014-03-18T09:43:09" id="ad0a763d-713f-489a-a9c5-9be19b1718cb" name="testGridViewDrillDownR3ToDerivedReferencesLink" startTimestamp="2014-03-18T09:43:09" time="0.761" />
  <testcase classname="com.ibm.rdm.client.api.tests.views.execution.DerivedLinksViewServiceExecutionTest" endTimestamp="2014-03-18T09:43:09" id="c56e830a-98a7-423c-bd5f-c6293cf07f3d" name="testGridViewDrillDownR3ToDerivedReferencesLinkConstrainLinkQueryRolesOutForbidden" startTimestamp="2014-03-18T09:43:09" time="0.064" />
  <testcase classname="com.ibm.rdm.client.api.tests.views.execution.DerivedLinksViewServiceExecutionTest" endTimestamp="2014-03-18T09:43:09" id="c28b8b05-9e78-4cb8-9b70-26a49a2e4cfa" name="testGridViewDrillDownR3ToDerivedReferencesLinkConstrainLinkQueryRolesForbidden" startTimestamp="2014-03-18T09:43:09" time="0.057" />
  <testcase classname="com.ibm.rdm.client.api.tests.views.execution.DerivedLinksViewServiceExecutionTest" endTimestamp="2014-03-18T09:43:10" id="da22203a-48f3-48f5-bf71-4d214406f889" name="testFetchDerivedLinksFromR3" startTimestamp="2014-03-18T09:43:09" time="0.686" />
  <testcase classname="com.ibm.rdm.client.api.tests.views.execution.DerivedLinksViewServiceExecutionTest" endTimestamp="2014-03-18T09:43:11" id="ec95afe6-fe00-46ee-85b5-794893137d16" name="testFetchDerivedLinksFromR6" startTimestamp="2014-03-18T09:43:10" time="0.744" />
  <testcase classname="com.ibm.rdm.client.api.tests.views.execution.DerivedLinksViewServiceExecutionTest" endTimestamp="2014-03-18T09:43:11" id="9a8d1b0f-bc0f-49b2-ba6f-cae1291dcb46" name="testGridViewDrillDownR3ToDerivedReferencesLinkConstrainLinkQueryRolesInForbidden" startTimestamp="2014-03-18T09:43:11" time="0.06" />
  <testcase classname="com.ibm.rdm.client.api.tests.views.execution.DerivedLinksViewServiceExecutionTest" endTimestamp="2014-03-18T09:43:12" id="1653639f-a31b-4346-b3e4-731a4c3945e6" name="testGridViewDrillDownSummaryLinkToCalmQueryFetchLocalEnabled" startTimestamp="2014-03-18T09:43:11" time="0.765" />
  <testcase classname="com.ibm.rdm.client.api.tests.views.execution.DerivedLinksViewServiceExecutionTest" endTimestamp="2014-03-18T09:43:12" id="5a2d15f0-977d-463b-8d72-4d8b6dd49db7" name="testGridViewDrillDownR3ReferencesAndHierarchy" startTimestamp="2014-03-18T09:43:12" time="0.683" />
  <testcase classname="com.ibm.rdm.client.api.tests.views.execution.DerivedLinksViewServiceExecutionTest" endTimestamp="2014-03-18T09:43:13" id="2949e792-cfcd-4d00-b58d-8624129790c3" name="testGridViewDrillDownR3" startTimestamp="2014-03-18T09:43:12" time="0.734" />
  <testcase classname="com.ibm.rdm.client.api.tests.views.execution.DerivedLinksViewServiceExecutionTest" endTimestamp="2014-03-18T09:43:14" id="257e6a4c-2fa6-4b94-ae4a-892b0631f516" name="testGridViewDrillDownR6" startTimestamp="2014-03-18T09:43:13" time="0.714" />
  <testcase classname="com.ibm.rdm.client.api.tests.views.execution.DerivedLinksViewServiceExecutionTest" endTimestamp="2014-03-18T09:43:14" id="20fd440d-ddce-4b3b-bda7-e6770abc1348" name="testGridViewDrillDownR3ToDerivedReferencesLinkConstrainRoles" startTimestamp="2014-03-18T09:43:14" time="0.655" />
  <testcase classname="com.ibm.rdm.client.api.tests.views.execution.MaterializedViewServiceQueryTest" endTimestamp="2014-03-18T09:43:15" id="e8fb7643-15bf-493f-a6dc-7ca855e4a62f" name="testQueryForMaterializedViewsPrivate" startTimestamp="2014-03-18T09:43:14" time="0.129" />
  <testcase classname="com.ibm.rdm.client.api.tests.views.execution.MaterializedViewServiceQueryTest" endTimestamp="2014-03-18T09:43:15" id="2a22fba6-53e3-4a99-9a78-7900931f1e08" name="testQueryForMaterializedViewsOSLC" startTimestamp="2014-03-18T09:43:15" time="0.261" />
  <testcase classname="com.ibm.rdm.client.api.tests.views.persistence.ViewServicePersistenceTest" endTimestamp="2014-03-18T09:43:15" id="bed3c46a-8c5b-4133-9f2a-1c6143c3d17c" name="testPostViewOslcForbidden" startTimestamp="2014-03-18T09:43:15" time="0.042" />
  <testcase classname="com.ibm.rdm.client.api.tests.views.persistence.ViewServicePersistenceTest" endTimestamp="2014-03-18T09:43:15" id="b4fe3527-ed36-4db8-9fdf-a15132847eca" name="testCreateViewAsRdfXml" startTimestamp="2014-03-18T09:43:15" time="0.557" />
  <testcase classname="com.ibm.rdm.client.api.tests.views.persistence.ViewServicePersistenceTest" endTimestamp="2014-03-18T09:43:16" id="687800cd-a619-44fb-9af8-51d933ae3594" name="testDeleteViewOslcForbidden" startTimestamp="2014-03-18T09:43:15" time="0.449" />
  <testcase classname="com.ibm.rdm.client.api.tests.views.persistence.ViewServicePersistenceTest" endTimestamp="2014-03-18T09:43:19" id="bec29852-af0e-4bd1-a496-4828a5c71405" name="testQueryViews" startTimestamp="2014-03-18T09:43:16" time="3.383" />
  <testcase classname="com.ibm.rdm.client.api.tests.views.persistence.ViewServicePersistenceTest" endTimestamp="2014-03-18T09:43:20" id="b631ccf4-7ec5-48cd-b118-c3d5811ce03a" name="testUpdateViewAsRdfJson" startTimestamp="2014-03-18T09:43:19" time="0.639" />
  <testcase classname="com.ibm.rdm.client.api.tests.views.persistence.ViewServicePersistenceTest" endTimestamp="2014-03-18T09:43:20" id="47385047-d8b6-4f73-90b1-1619d2a1d3f5" name="testGetViewNoAcceptContentType" startTimestamp="2014-03-18T09:43:20" time="0.517" />
  <testcase classname="com.ibm.rdm.client.api.tests.views.persistence.ViewServicePersistenceTest" endTimestamp="2014-03-18T09:43:21" id="78d04aad-5448-4868-a9b5-0412504dd1d9" name="testUpdateViewAsRdfXml" startTimestamp="2014-03-18T09:43:20" time="0.843" />
  <testcase classname="com.ibm.rdm.client.api.tests.views.persistence.ViewServicePersistenceTest" endTimestamp="2014-03-18T09:43:22" id="83cd0f74-0618-424f-85a2-aba1f28f9a76" name="testGetViewAsRdfJsonIfNoneMatch" startTimestamp="2014-03-18T09:43:21" time="0.476" />
  <testcase classname="com.ibm.rdm.client.api.tests.views.persistence.ViewServicePersistenceTest" endTimestamp="2014-03-18T09:43:22" id="612dc9e1-2e83-4f35-bdec-869129c2ed94" name="testQueryViewOslcForbidden" startTimestamp="2014-03-18T09:43:22" time="0.014" />
  <testcase classname="com.ibm.rdm.client.api.tests.views.persistence.ViewServicePersistenceTest" endTimestamp="2014-03-18T09:43:22" id="eb595f29-8e49-4568-a75a-7038717c1396" name="testPutViewOslcForbidden" startTimestamp="2014-03-18T09:43:22" time="0.349" />
  <testcase classname="com.ibm.rdm.client.api.tests.views.persistence.ViewServicePersistenceTest" endTimestamp="2014-03-18T09:43:23" id="c1090226-6787-4083-bc2e-bc8a0d1c3d2b" name="testGetViewOslcForbidden" startTimestamp="2014-03-18T09:43:22" time="0.445" />
  <testcase classname="com.ibm.rdm.client.api.tests.views.persistence.ViewServicePersistenceTest" endTimestamp="2014-03-18T09:43:23" id="852a3366-f9b3-429f-8249-786de70fb4d3" name="testCreateViewAsRdfJson" startTimestamp="2014-03-18T09:43:23" time="0.376" />
  <testcase classname="com.ibm.rdm.client.api.tests.views.persistence.ViewServicePersistenceTest" endTimestamp="2014-03-18T09:43:23" id="c3664fda-aa6a-440c-80be-95a6e49fe20c" name="testHeadViewOslcForbidden" startTimestamp="2014-03-18T09:43:23" time="0.465" />
  <testcase classname="com.ibm.rdm.client.api.tests.views.execution.ViewServiceExecutionTestServiceOnly" endTimestamp="2014-03-18T09:43:24" id="87f19460-0b86-4bb5-9920-d5dfbee0c802" name="testGridRowQueryTextSearchAllIncludingModule" startTimestamp="2014-03-18T09:43:23" time="0.872" />
  <testcase classname="com.ibm.rdm.client.api.tests.views.execution.ViewServiceExecutionTestServiceOnly" endTimestamp="2014-03-18T09:43:30" id="97a28a9a-316e-4a98-a469-a3d1e83722da" name="testCsvExportServiceSpecificationsProject2" startTimestamp="2014-03-18T09:43:24" time="6.129" />
  <testcase classname="com.ibm.rdm.client.api.tests.views.execution.ViewServiceExecutionTestServiceOnly" endTimestamp="2014-03-18T09:43:31" id="8ee4f8dc-7893-4f8a-9931-3da396e75aab" name="testGridRowQueryTextSearchOslcWithWildcard" startTimestamp="2014-03-18T09:43:30" time="0.619" />
  <testcase classname="com.ibm.rdm.client.api.tests.views.execution.ViewServiceExecutionTestServiceOnly" endTimestamp="2014-03-18T09:43:31" id="60db5f83-3713-4503-a66b-b6ba3e98b7d9" name="testExecuteRqlQueryGETInvalidHeaderForbidden" startTimestamp="2014-03-18T09:43:31" time="0.026" />
  <testcase classname="com.ibm.rdm.client.api.tests.views.execution.ViewServiceExecutionTestServiceOnly" endTimestamp="2014-03-18T09:43:31" id="da777bbc-c6fa-40e3-ae85-65c933ca0336" name="testOslcQueryDiscoveryPOST" startTimestamp="2014-03-18T09:43:31" time="0.142" />
  <testcase classname="com.ibm.rdm.client.api.tests.views.execution.ViewServiceExecutionTestServiceOnly" endTimestamp="2014-03-18T09:43:37" id="324bf5b6-faaf-4557-b0bf-67ecf4ce7cf6" name="testCsvExportServiceSpecifications" startTimestamp="2014-03-18T09:43:31" time="6.264" />
  <testcase classname="com.ibm.rdm.client.api.tests.views.execution.ViewServiceExecutionTestServiceOnly" endTimestamp="2014-03-18T09:43:38" id="45024096-c14b-4489-a274-b93841804820" name="testGridRowQuerySearchForPrimaryTextSummary" startTimestamp="2014-03-18T09:43:37" time="0.135" />
  <testcase classname="com.ibm.rdm.client.api.tests.views.execution.ViewServiceExecutionTestServiceOnly" endTimestamp="2014-03-18T09:43:38" id="1dafe2ed-2496-485d-a038-325259c8da0c" name="testExecutePersistedGridViewJson" startTimestamp="2014-03-18T09:43:38" time="0.548" />
  <testcase classname="com.ibm.rdm.client.api.tests.views.execution.ViewServiceExecutionTestServiceOnly" endTimestamp="2014-03-18T09:43:38" id="f31186d8-4ade-4e79-9bff-8e0caccdabad" name="testFullResultsForTextSearch" startTimestamp="2014-03-18T09:43:38" time="0.269" />
  <testcase classname="com.ibm.rdm.client.api.tests.views.execution.ViewServiceExecutionTestServiceOnly" endTimestamp="2014-03-18T09:43:39" id="56d19b4f-96f2-45dd-aa81-3d66a7df0d20" name="testGridRowQueryTextSearchOslc" startTimestamp="2014-03-18T09:43:38" time="0.191" />
  <testcase classname="com.ibm.rdm.client.api.tests.views.execution.ViewServiceExecutionTestServiceOnly" endTimestamp="2014-03-18T09:43:39" id="11d38276-f5c9-4ac1-8c4c-48dd9a442962" name="testGridRowQueryTextSearchRequirement" startTimestamp="2014-03-18T09:43:39" time="0.244" />
  <testcase classname="com.ibm.rdm.client.api.tests.views.execution.ViewServiceExecutionTestServiceOnly" endTimestamp="2014-03-18T09:43:39" id="07b16d24-8a2a-4a9d-a3c4-af5bf401b9af" name="testGridRowQueryTextSearchRequirement2" startTimestamp="2014-03-18T09:43:39" time="0.118" />
  <testcase classname="com.ibm.rdm.client.api.tests.views.execution.ViewServiceExecutionTestServiceOnly" endTimestamp="2014-03-18T09:43:39" id="f1a21585-0b5d-4bec-b4bf-af42978eaf07" name="testOslcQueryDiscoveryGET" startTimestamp="2014-03-18T09:43:39" time="0.144" />
  <testcase classname="com.ibm.rdm.client.api.tests.views.execution.ViewServiceExecutionTestServiceOnly" endTimestamp="2014-03-18T09:43:39" id="8400d6a3-3609-49fc-a72f-49a9da2b8248" name="testExecuteOslcQueryGETInvalidHeaderForbidden" startTimestamp="2014-03-18T09:43:39" time="0.243" />
  <testcase classname="com.ibm.rdm.client.api.tests.views.execution.ViewServiceExecutionTestServiceOnly" endTimestamp="2014-03-18T09:43:40" id="1ee2d108-4171-43f6-a24f-f724750ae5de" name="testExecutePersistedGridViewRdfXml" startTimestamp="2014-03-18T09:43:39" time="0.563" />
  <testcase classname="com.ibm.rdm.client.api.tests.views.execution.ViewServiceExecutionTestServiceOnly" endTimestamp="2014-03-18T09:43:40" id="d33258ca-cab3-4ffb-b7ee-6a3197ae61a5" name="testGridRowQueryTextSearch" startTimestamp="2014-03-18T09:43:40" time="0.272" />
  <testcase classname="com.ibm.rdm.client.api.tests.views.execution.ViewServiceExecutionTestServiceOnly" endTimestamp="2014-03-18T09:43:40" id="d2067288-8a3e-4c0b-ae59-bb625cc21882" name="testExecuteOslcQueryPOSTInvalidHeaderForbidden" startTimestamp="2014-03-18T09:43:40" time="0.258" />
  <testcase classname="com.ibm.rdm.client.api.tests.views.execution.ViewServiceExecutionTestServiceOnly" endTimestamp="2014-03-18T09:43:41" id="4a8b7d67-c876-46f1-b12a-cfdebc535824" name="testPartialResultsForTextSearch" startTimestamp="2014-03-18T09:43:40" time="0.201" />
  <testcase classname="com.ibm.rdm.client.api.tests.views.execution.ViewServiceExecutionTestServiceOnly" endTimestamp="2014-03-18T09:43:44" id="be28cef7-83cf-45b6-8090-e8b0e9b8c685" name="testExecutePersistedGridViewJsonAgainstEmptyProject" startTimestamp="2014-03-18T09:43:41" time="3.059" />
  <testcase classname="com.ibm.rdm.client.api.tests.views.execution.ViewServiceExecutionTestServiceOnly" endTimestamp="2014-03-18T09:43:44" id="d4fd9723-5769-457d-897c-c7cc2c260be8" name="testExecutePersistedGridViewJsonFullFetch" startTimestamp="2014-03-18T09:43:44" time="0.585" />
  <testcase classname="com.ibm.rdm.client.api.tests.views.execution.ViewServiceExecutionTestServiceOnly" endTimestamp="2014-03-18T09:43:45" id="0b877f81-10a7-4f40-a198-47be41b51f9d" name="testViewQueryExecutionCap" startTimestamp="2014-03-18T09:43:44" time="0.262" />
  <testcase classname="com.ibm.rdm.client.api.tests.views.execution.UniversalTypesViewServiceExecutionTest" endTimestamp="2014-03-18T09:43:45" id="298f876f-3c18-4f11-8a6a-e7ff94aaac04" name="testUniversalLinkOut" startTimestamp="2014-03-18T09:43:45" time="0.134" />
  <testcase classname="com.ibm.rdm.client.api.tests.views.execution.UniversalTypesViewServiceExecutionTest" endTimestamp="2014-03-18T09:43:45" id="0166da55-c0c5-41c6-86a4-729898a84ad2" name="testUniversalPriorityFieldIsLowValue" startTimestamp="2014-03-18T09:43:45" time="0.142" />
  <testcase classname="com.ibm.rdm.client.api.tests.views.execution.UniversalTypesViewServiceExecutionTest" endTimestamp="2014-03-18T09:43:45" id="c1345ab7-7e26-4f03-8cef-7c33fa4a84ea" name="testUniversalPriorityFieldIsLowResource" startTimestamp="2014-03-18T09:43:45" time="0.111" />
  <testcase classname="com.ibm.rdm.client.api.tests.views.execution.BasicViewServiceExecutionTest" endTimestamp="2014-03-18T09:43:45" id="0d25f114-2b29-40fe-8042-e155b8ce6961" name="testGridViewSelectEverythingCollection1NoOrder" startTimestamp="2014-03-18T09:43:45" time="0.219" />
  <testcase classname="com.ibm.rdm.client.api.tests.views.execution.BasicViewServiceExecutionTest" endTimestamp="2014-03-18T09:43:45" id="e9dd7747-dd99-431c-8bb7-56547fb6863e" name="testGridViewByFolder" startTimestamp="2014-03-18T09:43:45" time="0.12" />
  <testcase classname="com.ibm.rdm.client.api.tests.views.execution.BasicViewServiceExecutionTest" endTimestamp="2014-03-18T09:43:46" id="a69ae346-e0f7-4ad2-a1c6-ccbeae5f692b" name="testGridViewSelectEverything" startTimestamp="2014-03-18T09:43:45" time="0.787" />
  <testcase classname="com.ibm.rdm.client.api.tests.views.execution.BasicViewServiceExecutionTest" endTimestamp="2014-03-18T09:43:46" id="a7dfaf04-f0cc-4439-be83-7b2cabb611f9" name="testGridViewRowQueryUriOnly" startTimestamp="2014-03-18T09:43:46" time="0.101" />
  <testcase classname="com.ibm.rdm.client.api.tests.views.execution.BasicViewServiceExecutionTest" endTimestamp="2014-03-18T09:43:46" id="f66f78e2-67d0-4fb5-984e-68af89953086" name="testGridViewSimpleRowQuery" startTimestamp="2014-03-18T09:43:46" time="0.146" />
  <testcase classname="com.ibm.rdm.client.api.tests.views.execution.BasicViewServiceExecutionTest" endTimestamp="2014-03-18T09:43:46" id="cfe3ad5a-be41-4a33-8f18-2ce594be5dde" name="testGridViewByIdentifierIndividualAttributes" startTimestamp="2014-03-18T09:43:46" time="0.116" />
  <testcase classname="com.ibm.rdm.client.api.tests.views.execution.BasicViewServiceExecutionTest" endTimestamp="2014-03-18T09:43:47" id="f09b3948-4227-4c19-81ec-5ff4dd93564c" name="testGridViewRowQuery" startTimestamp="2014-03-18T09:43:46" time="0.22" />
  <testcase classname="com.ibm.rdm.client.api.tests.views.execution.BasicViewServiceExecutionTest" endTimestamp="2014-03-18T09:43:47" id="b5ec254c-0de5-47d3-b708-8c40db08113b" name="testGridViewRestrictViaParam" startTimestamp="2014-03-18T09:43:47" time="0.098" />
  <testcase classname="com.ibm.rdm.client.api.tests.views.execution.LockViewServiceExecutionTest" endTimestamp="2014-03-18T09:43:48" id="b39803d0-fdee-407f-b69b-6c0efcc67cc3" name="testSelectLockedByCurrentUserCoreView" startTimestamp="2014-03-18T09:43:47" time="1.08" />
  <testcase classname="com.ibm.rdm.client.api.tests.views.execution.LockViewServiceExecutionTest" endTimestamp="2014-03-18T09:43:48" id="d060e7ad-09bf-466c-b7a2-d40c07ee689c" name="testDeleteModuleForbiddenWhenLocked" startTimestamp="2014-03-18T09:43:48" time="0.455" />
  <testcase classname="com.ibm.rdm.client.api.tests.views.execution.LockViewServiceExecutionTest" endTimestamp="2014-03-18T09:43:49" id="f6e02d3a-5e33-4e7d-9ec9-d35198865067" name="testAcquireAndReleaseLocksCoreView" startTimestamp="2014-03-18T09:43:48" time="0.812" />
  <testcase classname="com.ibm.rdm.client.api.tests.views.execution.LockViewServiceExecutionTest" endTimestamp="2014-03-18T09:43:49" id="a70f7774-3e13-4976-9e24-39220c08fb96" name="testSelectLocksModuleViewWithoutBoundArtifactSelected" startTimestamp="2014-03-18T09:43:49" time="0.128" />
  <testcase classname="com.ibm.rdm.client.api.tests.views.execution.LockViewServiceExecutionTest" endTimestamp="2014-03-18T09:43:53" id="c4b3ff02-5381-4724-8080-3df4554354e9" name="testCreateAndQueryViewsContainingLockInformationDiffClientVersionsScenarios" startTimestamp="2014-03-18T09:43:49" time="3.52" />
  <testcase classname="com.ibm.rdm.client.api.tests.views.execution.LockViewServiceExecutionTest" endTimestamp="2014-03-18T09:43:53" id="fe2e7b1b-581e-4b20-bc4e-e0a61c21fc52" name="testSelectLockedByUserModuleView" startTimestamp="2014-03-18T09:43:53" time="0.609" />
  <testcase classname="com.ibm.rdm.client.api.tests.views.execution.LockViewServiceExecutionTest" endTimestamp="2014-03-18T09:43:54" id="a11dac4b-45ba-471b-be05-e621c0d41c3e" name="testSelectLockedByCurrentUserModuleView" startTimestamp="2014-03-18T09:43:53" time="1.001" />
  <testcase classname="com.ibm.rdm.client.api.tests.views.execution.LockViewServiceExecutionTest" endTimestamp="2014-03-18T09:43:55" id="307b0105-0265-424b-b896-c70b20b9d3eb" name="testDeleteModuleBindingForbiddenWhenLocked" startTimestamp="2014-03-18T09:43:54" time="0.57" />
  <testcase classname="com.ibm.rdm.client.api.tests.views.execution.LockViewServiceExecutionTest" endTimestamp="2014-03-18T09:43:56" id="00219a2d-e6af-4450-970a-22ef126184ea" name="testSelectLockedModuleView" startTimestamp="2014-03-18T09:43:55" time="0.586" />
  <testcase classname="com.ibm.rdm.client.api.tests.views.execution.LockViewServiceExecutionTest" endTimestamp="2014-03-18T09:43:56" id="c2705dfb-27c1-4ba6-bfb3-1f04298d69bd" name="testAcquireAndReleaseLocksModuleView" startTimestamp="2014-03-18T09:43:56" time="0.758" />
  <testcase classname="com.ibm.rdm.client.api.tests.views.execution.LockViewServiceExecutionTest" endTimestamp="2014-03-18T09:43:57" id="25684040-5772-4274-a89b-ae8b5353709e" name="testSelectLockedByUserCoreView" startTimestamp="2014-03-18T09:43:56" time="0.785" />
  <testcase classname="com.ibm.rdm.client.api.tests.views.execution.LockViewServiceExecutionTest" endTimestamp="2014-03-18T09:43:58" id="523378ef-3cf6-49ed-87af-3a7b114267dc" name="testSelectLockedCoreView" startTimestamp="2014-03-18T09:43:57" time="0.838" />
  <testcase classname="com.ibm.rdm.client.api.tests.views.execution.AggregateViewServiceExecutionTest" endTimestamp="2014-03-18T09:43:58" id="84a54dc0-cf15-4c57-924b-0a4b37c4bd70" name="testTagCountExtrinsicReuseEnabled" startTimestamp="2014-03-18T09:43:58" time="0.216" />
  <testcase classname="com.ibm.rdm.client.api.tests.views.execution.AggregateViewServiceExecutionTest" endTimestamp="2014-03-18T09:43:58" id="1a1c5373-a72c-484c-b8bd-be45ac74d774" name="testUnresolvedCommentCount" startTimestamp="2014-03-18T09:43:58" time="0.107" />
  <testcase classname="com.ibm.rdm.client.api.tests.views.execution.AggregateViewServiceExecutionTest" endTimestamp="2014-03-18T09:43:58" id="3e8d29f8-b244-41c9-b7d8-504feb2b2498" name="testMostRecentUnresolvedCommentExtrinsicReuseDisabled" startTimestamp="2014-03-18T09:43:58" time="0.196" />
  <testcase classname="com.ibm.rdm.client.api.tests.views.execution.AggregateViewServiceExecutionTest" endTimestamp="2014-03-18T09:43:59" id="05bf9ea3-2148-4282-9cd2-800476954982" name="testCommentCountExtrinsicReuseDisabled" startTimestamp="2014-03-18T09:43:58" time="0.149" />
  <testcase classname="com.ibm.rdm.client.api.tests.views.execution.AggregateViewServiceExecutionTest" endTimestamp="2014-03-18T09:43:59" id="173fa839-3f1b-46b7-b455-cd08ddadcbd7" name="testRecentCommentCountExtrinsicReuseEnabled" startTimestamp="2014-03-18T09:43:59" time="0.142" />
  <testcase classname="com.ibm.rdm.client.api.tests.views.execution.AggregateViewServiceExecutionTest" endTimestamp="2014-03-18T09:43:59" id="aa356fc5-a852-4a1e-87d5-06ef634ae15e" name="testLinkCount" startTimestamp="2014-03-18T09:43:59" time="0.107" />
  <testcase classname="com.ibm.rdm.client.api.tests.views.execution.AggregateViewServiceExecutionTest" endTimestamp="2014-03-18T09:43:59" id="e092ecd3-f23c-4ca1-8e71-d9a763beffb2" name="testLinkCountExtrinsicReuseEnabled" startTimestamp="2014-03-18T09:43:59" time="0.151" />
  <testcase classname="com.ibm.rdm.client.api.tests.views.execution.AggregateViewServiceExecutionTest" endTimestamp="2014-03-18T09:43:59" id="2e003937-7258-47a6-a383-196a7634bdf1" name="testCommentCountExtrinsicReuseEnabled" startTimestamp="2014-03-18T09:43:59" time="0.196" />
  <testcase classname="com.ibm.rdm.client.api.tests.views.execution.AggregateViewServiceExecutionTest" endTimestamp="2014-03-18T09:43:59" id="2da342b8-7ea3-434c-957a-58d304e3732e" name="testTagCount" startTimestamp="2014-03-18T09:43:59" time="0.129" />
  <testcase classname="com.ibm.rdm.client.api.tests.views.execution.AggregateViewServiceExecutionTest" endTimestamp="2014-03-18T09:43:59" id="25887b59-974f-4a03-8198-dc52dfb8974a" name="testMostRecentUnresolvedComment" startTimestamp="2014-03-18T09:43:59" time="0.144" />
  <testcase classname="com.ibm.rdm.client.api.tests.views.execution.AggregateViewServiceExecutionTest" endTimestamp="2014-03-18T09:44:00" id="50fc0d9d-f280-45fa-9500-24c79d58fa5b" name="testRecentCommentCount" startTimestamp="2014-03-18T09:43:59" time="0.093" />
  <testcase classname="com.ibm.rdm.client.api.tests.views.execution.AggregateViewServiceExecutionTest" endTimestamp="2014-03-18T09:44:00" id="888474f8-5d23-46ce-9286-03e65850b223" name="testRecentCommentCountExtrinsicReuseDisabled" startTimestamp="2014-03-18T09:44:00" time="0.143" />
  <testcase classname="com.ibm.rdm.client.api.tests.views.execution.AggregateViewServiceExecutionTest" endTimestamp="2014-03-18T09:44:00" id="d0be5168-2b4c-4012-b7ed-8b7821a062f8" name="testReuseCount" startTimestamp="2014-03-18T09:44:00" time="0.272" />
  <testcase classname="com.ibm.rdm.client.api.tests.views.execution.AggregateViewServiceExecutionTest" endTimestamp="2014-03-18T09:44:00" id="b122983c-fe80-4f7a-aafd-dc354c3ae67d" name="testMostRecentComment" startTimestamp="2014-03-18T09:44:00" time="0.128" />
  <testcase classname="com.ibm.rdm.client.api.tests.views.execution.AggregateViewServiceExecutionTest" endTimestamp="2014-03-18T09:44:00" id="d0fafdaa-969d-47b3-9a1c-8f3a68716369" name="testMostRecentCommentExtrinsicReuseDisabled" startTimestamp="2014-03-18T09:44:00" time="0.144" />
  <testcase classname="com.ibm.rdm.client.api.tests.views.execution.AggregateViewServiceExecutionTest" endTimestamp="2014-03-18T09:44:00" id="3e96888e-b387-40ce-b826-b40aafdfbfed" name="testReuseCountWhereInSortByReuseCount" startTimestamp="2014-03-18T09:44:00" time="0.134" />
  <testcase classname="com.ibm.rdm.client.api.tests.views.execution.AggregateViewServiceExecutionTest" endTimestamp="2014-03-18T09:44:00" id="f37c9eaf-2564-4667-a24e-e2ba055c0e92" name="testTagCountExtrinsicReuseDisabled" startTimestamp="2014-03-18T09:44:00" time="0.139" />
  <testcase classname="com.ibm.rdm.client.api.tests.views.execution.AggregateViewServiceExecutionTest" endTimestamp="2014-03-18T09:44:01" id="7d0add6d-83c7-44e7-99f4-2a1c616c2017" name="testRecentUnresolvedCommentCount" startTimestamp="2014-03-18T09:44:00" time="0.102" />
  <testcase classname="com.ibm.rdm.client.api.tests.views.execution.AggregateViewServiceExecutionTest" endTimestamp="2014-03-18T09:44:01" id="f3181d83-e160-4688-9335-b167b7674652" name="testReuseCountAndTitle" startTimestamp="2014-03-18T09:44:01" time="0.349" />
  <testcase classname="com.ibm.rdm.client.api.tests.views.execution.AggregateViewServiceExecutionTest" endTimestamp="2014-03-18T09:44:01" id="892a866a-cbcd-43a8-95d2-753e45c3983e" name="testLinkCountExtrinsicReuseDisabled" startTimestamp="2014-03-18T09:44:01" time="0.151" />
  <testcase classname="com.ibm.rdm.client.api.tests.views.execution.AggregateViewServiceExecutionTest" endTimestamp="2014-03-18T09:44:01" id="6c58569b-232f-4160-9fdd-62dc20951e5a" name="testResolvedCommentCount" startTimestamp="2014-03-18T09:44:01" time="0.102" />
  <testcase classname="com.ibm.rdm.client.api.tests.views.execution.AggregateViewServiceExecutionTest" endTimestamp="2014-03-18T09:44:01" id="c6767ba6-8e91-485e-9b0a-10e83bcf4e3c" name="testReuseCountSelectAndWhere" startTimestamp="2014-03-18T09:44:01" time="0.1" />
  <testcase classname="com.ibm.rdm.client.api.tests.views.execution.AggregateViewServiceExecutionTest" endTimestamp="2014-03-18T09:44:01" id="1e24e6ce-1241-4f85-864c-e70ac1a3cb3c" name="testCommentCount" startTimestamp="2014-03-18T09:44:01" time="0.089" />
  <testcase classname="com.ibm.rdm.client.api.tests.views.execution.AggregateViewServiceExecutionTest" endTimestamp="2014-03-18T09:44:01" id="7f527359-2fbb-47b1-a9a0-b68ea6ea1c39" name="testRecentResolvedCommentCount" startTimestamp="2014-03-18T09:44:01" time="0.122" />
  <testcase classname="com.ibm.rdm.client.api.tests.views.execution.AggregateViewServiceExecutionTest" endTimestamp="2014-03-18T09:44:02" id="01df8a94-8495-4f19-af4e-e2e0d9426ce2" name="testMostRecentCommentExtrinsicReuseEnabled" startTimestamp="2014-03-18T09:44:01" time="0.143" />
  <testcase classname="com.ibm.rdm.client.api.tests.views.execution.AggregateViewServiceExecutionTest" endTimestamp="2014-03-18T09:44:02" id="af5112cf-ddad-4bd0-90fd-f8ce564b5494" name="testMostRecentUnresolvedCommentExtrinsicReuseEnabled" startTimestamp="2014-03-18T09:44:02" time="0.148" />
  <testcase classname="com.ibm.rdm.client.api.tests.views.execution.AggregateViewServiceExecutionTest" endTimestamp="2014-03-18T09:44:02" id="e54dd994-faf8-4c3a-9a60-d7ac5c4b7867" name="testMostRecentResolvedComment" startTimestamp="2014-03-18T09:44:02" time="0.108" />
  <testcase classname="com.ibm.rdm.client.api.tests.views.execution.ModuleViewServiceExecutionTest" endTimestamp="2014-03-18T09:44:02" id="43734065-ca5c-478f-bf05-a949793ef3ea" name="testFindCoreArtifactsByModule" startTimestamp="2014-03-18T09:44:02" time="0.313" />
  <testcase classname="com.ibm.rdm.client.api.tests.views.execution.ModuleViewServiceExecutionTest" endTimestamp="2014-03-18T09:44:02" id="622dbaef-a7b6-458b-b120-ddcd951f9edc" name="testArtifactsInModule1LinkingToModule2ExtrinsicReuseDisabled" startTimestamp="2014-03-18T09:44:02" time="0.184" />
  <testcase classname="com.ibm.rdm.client.api.tests.views.execution.ModuleViewServiceExecutionTest" endTimestamp="2014-03-18T09:44:03" id="2548c170-0fdb-4de9-a0ec-40b46c2e0101" name="testGridViewEverythingInModule1" startTimestamp="2014-03-18T09:44:02" time="0.291" />
  <testcase classname="com.ibm.rdm.client.api.tests.views.execution.ModuleViewServiceExecutionTest" endTimestamp="2014-03-18T09:44:03" id="036839cd-37ec-48c8-8381-a7207a0223bc" name="testGridViewEverythingInModule1DoNotSelectBookOrder" startTimestamp="2014-03-18T09:44:03" time="0.24" />
  <testcase classname="com.ibm.rdm.client.api.tests.views.execution.ModuleViewServiceExecutionTest" endTimestamp="2014-03-18T09:44:03" id="981152ce-d64a-4f2d-96b1-2d5e541d24e0" name="testBoundArtifactEquals" startTimestamp="2014-03-18T09:44:03" time="0.134" />
  <testcase classname="com.ibm.rdm.client.api.tests.views.execution.ModuleViewServiceExecutionTest" endTimestamp="2014-03-18T09:44:03" id="cf21196d-7a39-499d-8a48-f5b91c709e6c" name="testDominicDefect56962Slow" startTimestamp="2014-03-18T09:44:03" time="0.169" />
  <testcase classname="com.ibm.rdm.client.api.tests.views.execution.ModuleViewServiceExecutionTest" endTimestamp="2014-03-18T09:44:03" id="b8cc5cde-faa1-41a4-88eb-75f1e3078e85" name="testArtifactsInModule1LinkingToModule2" startTimestamp="2014-03-18T09:44:03" time="0.216" />
  <testcase classname="com.ibm.rdm.client.api.tests.views.execution.ModuleViewServiceExecutionTest" endTimestamp="2014-03-18T09:44:03" id="1f703576-cbf5-4876-ba58-3853572ea0bd" name="testBoundArtifactInMultipleForbidden" startTimestamp="2014-03-18T09:44:03" time="0.031" />
  <testcase classname="com.ibm.rdm.client.api.tests.views.execution.ModuleViewServiceExecutionTest" endTimestamp="2014-03-18T09:44:04" id="758a19e2-fbcb-4b7c-844a-e4315fbe87cc" name="testBoundCreatorInMatches" startTimestamp="2014-03-18T09:44:03" time="0.183" />
  <testcase classname="com.ibm.rdm.client.api.tests.views.execution.ModuleViewServiceExecutionTest" endTimestamp="2014-03-18T09:44:04" id="5be4d571-5f1e-4917-ab20-5ec730be4a04" name="testBoundArtifactIn" startTimestamp="2014-03-18T09:44:04" time="0.121" />
  <testcase classname="com.ibm.rdm.client.api.tests.views.execution.ModuleViewServiceExecutionTest" endTimestamp="2014-03-18T09:44:04" id="2cab3e2c-d1dc-468c-a53a-5393212d04ae" name="testFindCoreArtifactsByModuleViaBinding" startTimestamp="2014-03-18T09:44:04" time="0.247" />
  <testcase classname="com.ibm.rdm.client.api.tests.views.execution.ModuleViewServiceExecutionTest" endTimestamp="2014-03-18T09:44:04" id="83a8ac00-14ea-43cb-92d4-f1ca66de690c" name="testBoundCreatorDoesNotMatch" startTimestamp="2014-03-18T09:44:04" time="0.057" />
  <testcase classname="com.ibm.rdm.client.api.tests.views.execution.LargeValueViewServiceExecutionTest" endTimestamp="2014-03-18T09:44:04" id="abe2158b-4588-4d7e-abf3-c8e37737870c" name="testSelectLongPrimaryText" startTimestamp="2014-03-18T09:44:04" time="0.095" />
  <testcase classname="com.ibm.rdm.client.api.tests.views.execution.MultiValueViewServiceExecutionTest" endTimestamp="2014-03-18T09:44:04" id="37db82a5-6d56-4752-b13e-bf6ffc078eee" name="testGridViewSelectTagsAndAnotherMultiValueAttributeOslc" startTimestamp="2014-03-18T09:44:04" time="0.191" />
  <testcase classname="com.ibm.rdm.client.api.tests.views.execution.MultiValueViewServiceExecutionTest" endTimestamp="2014-03-18T09:44:04" id="c9530b27-a28b-4d2e-8a69-9a86f47d2f68" name="testFetchLinkBothDirections" startTimestamp="2014-03-18T09:44:04" time="0.096" />
  <testcase classname="com.ibm.rdm.client.api.tests.views.execution.MultiValueViewServiceExecutionTest" endTimestamp="2014-03-18T09:44:05" id="568ea576-e2c5-4634-8fab-245e33a116ef" name="testGridViewSelectTraceLink" startTimestamp="2014-03-18T09:44:04" time="0.122" />
  <testcase classname="com.ibm.rdm.client.api.tests.views.execution.MultiValueViewServiceExecutionTest" endTimestamp="2014-03-18T09:44:05" id="8acacb87-b6b4-42b8-9641-3b0fd3a9ff71" name="testGridViewSelectMvEnumWhereMvEqualsOrderByMvDescAndDwDesc" startTimestamp="2014-03-18T09:44:05" time="0.219" />
  <testcase classname="com.ibm.rdm.client.api.tests.views.execution.MultiValueViewServiceExecutionTest" endTimestamp="2014-03-18T09:44:05" id="3cff8450-5445-4319-aeee-984e2bcd3499" name="testGridViewSelectMvEnumInAll" startTimestamp="2014-03-18T09:44:05" time="0.169" />
  <testcase classname="com.ibm.rdm.client.api.tests.views.execution.MultiValueViewServiceExecutionTest" endTimestamp="2014-03-18T09:44:05" id="fada32dd-0888-440c-9974-391e5c46eb41" name="testGridViewSelectMvEnumNotInAll" startTimestamp="2014-03-18T09:44:05" time="0.23" />
  <testcase classname="com.ibm.rdm.client.api.tests.views.execution.MultiValueViewServiceExecutionTest" endTimestamp="2014-03-18T09:44:05" id="9ab2cf81-e669-4c0a-a945-5d46fb8f6520" name="testGridViewSelectMvUserInAll" startTimestamp="2014-03-18T09:44:05" time="0.172" />
  <testcase classname="com.ibm.rdm.client.api.tests.views.execution.MultiValueViewServiceExecutionTest" endTimestamp="2014-03-18T09:44:06" id="353a128f-9c57-4b45-8cf3-7a769e0a201a" name="testGridViewSelectMvUserNotInAll" startTimestamp="2014-03-18T09:44:05" time="0.218" />
  <testcase classname="com.ibm.rdm.client.api.tests.views.execution.MultiValueViewServiceExecutionTest" endTimestamp="2014-03-18T09:44:06" id="c50a78ff-f5ec-4b82-8ba7-beb0d7ed0363" name="testGridViewSelectTraceLinkWithTargetIdAndTitle" startTimestamp="2014-03-18T09:44:06" time="0.139" />
  <testcase classname="com.ibm.rdm.client.api.tests.views.execution.MultiValueViewServiceExecutionTest" endTimestamp="2014-03-18T09:44:06" id="08e76e4e-c778-47aa-a34c-665c0e79bd74" name="testGridViewSelectMultiValueEnum" startTimestamp="2014-03-18T09:44:06" time="0.127" />
  <testcase classname="com.ibm.rdm.client.api.tests.views.execution.MultiValueViewServiceExecutionTest" endTimestamp="2014-03-18T09:44:06" id="e7179b6a-79d8-408c-b41c-fe7fab71ed0d" name="testGridViewSelectMultiValueUser" startTimestamp="2014-03-18T09:44:06" time="0.137" />
  <testcase classname="com.ibm.rdm.client.api.tests.views.execution.MultiValueViewServiceExecutionTest" endTimestamp="2014-03-18T09:44:06" id="85ecb9ff-4ac8-4e7e-9a15-c4369b66d1c6" name="testGridViewSelectMvUserNotInAllForModule" startTimestamp="2014-03-18T09:44:06" time="0.146" />
  <testcase classname="com.ibm.rdm.client.api.tests.views.execution.MultiValueViewServiceExecutionTest" endTimestamp="2014-03-18T09:44:06" id="0e61f058-8204-47fb-8bd7-d2619421c119" name="testGridViewSelectMvEnumWhereMvEqualsOrderByMvAscDwAsc" startTimestamp="2014-03-18T09:44:06" time="0.219" />
  <testcase classname="com.ibm.rdm.client.api.tests.views.execution.MultiValueViewServiceExecutionTest" endTimestamp="2014-03-18T09:44:06" id="37f9cfa2-cbab-4a08-a0d6-8f9ea8b384e5" name="testFetchOutgoingLink" startTimestamp="2014-03-18T09:44:06" time="0.09" />
  <testcase classname="com.ibm.rdm.client.api.tests.views.execution.MultiValueViewServiceExecutionTest" endTimestamp="2014-03-18T09:44:07" id="9f9babb7-55ba-4b63-a6e9-73fc4745a755" name="testGridViewByTagOrderByMvAndDaysWorkDesc" startTimestamp="2014-03-18T09:44:06" time="0.209" />
  <testcase classname="com.ibm.rdm.client.api.tests.views.execution.MultiValueViewServiceExecutionTest" endTimestamp="2014-03-18T09:44:07" id="fc8c59b5-7e5f-4457-8b8b-f24eb4b9ffd6" name="testGridViewByTagOrderByMvAndDaysWorkAsc" startTimestamp="2014-03-18T09:44:07" time="0.201" />
  <testcase classname="com.ibm.rdm.client.api.tests.views.execution.MultiValueViewServiceExecutionTest" endTimestamp="2014-03-18T09:44:07" id="1d399782-a7a6-40c2-a45e-7aed1949c27f" name="testGridViewSelectTagsAndAnotherMultiValueAttribute" startTimestamp="2014-03-18T09:44:07" time="0.202" />
  <testcase classname="com.ibm.rdm.client.api.tests.views.execution.MultiValueViewServiceExecutionTest" endTimestamp="2014-03-18T09:44:07" id="42d3acf8-30a7-44a1-8ebc-f7cbf937bb8e" name="testGridViewSelectMvEnumWhereMvEqualsOrderByMvDescAndDwAsc" startTimestamp="2014-03-18T09:44:07" time="0.214" />
  <testcase classname="com.ibm.rdm.client.api.tests.views.execution.MultiValueViewServiceExecutionTest" endTimestamp="2014-03-18T09:44:07" id="dc538205-5ac7-4eb5-800d-0f9e7111d687" name="testGridViewSelectMvEnumWhereMvInOrderByMvAscDwAsc" startTimestamp="2014-03-18T09:44:07" time="0.203" />
  <testcase classname="com.ibm.rdm.client.api.tests.views.execution.MultiValueViewServiceExecutionTest" endTimestamp="2014-03-18T09:44:08" id="379df5ba-5bcc-43fb-9208-07a9b7a7f859" name="testFetchIncomingLink" startTimestamp="2014-03-18T09:44:07" time="0.13" />
  <testcase classname="com.ibm.rdm.client.api.tests.views.execution.MultiValueViewServiceExecutionTest" endTimestamp="2014-03-18T09:44:08" id="9ede3d4d-f106-43b5-a9b3-c50c09f96011" name="testDrillDownThenFetchMvAttribute" startTimestamp="2014-03-18T09:44:08" time="0.756" />
  <testcase classname="com.ibm.rdm.client.api.tests.views.execution.MultiValueViewServiceExecutionTest" endTimestamp="2014-03-18T09:44:09" id="552d3a54-42cf-4bc9-8de6-6603bb35eb7a" name="testFilterByMvEnumWithReuseCountWithReuseEnabled" startTimestamp="2014-03-18T09:44:08" time="0.536" />
  <testcase classname="com.ibm.rdm.client.api.tests.views.execution.MultiValueViewServiceExecutionTest" endTimestamp="2014-03-18T09:44:09" id="b181a139-b5b3-4522-81b2-5f8959b599e5" name="testGridViewSelectArtifactsWithMultipleValuesInMVEnum" startTimestamp="2014-03-18T09:44:09" time="0.071" />
  <testcase classname="com.ibm.rdm.client.api.tests.views.execution.MultiValueViewServiceExecutionTest" endTimestamp="2014-03-18T09:44:09" id="a548ea75-c0a4-44ea-b834-1c9de97f3ecf" name="testGridViewSelectMvEnumWhereMvInOrderByMvDescDwDesc" startTimestamp="2014-03-18T09:44:09" time="0.202" />
  <testcase classname="com.ibm.rdm.client.api.tests.views.execution.MultiValueViewServiceExecutionTest" endTimestamp="2014-03-18T09:44:09" id="0a6b1230-8d5f-4eff-99cb-be8c87fb61a8" name="testGridViewSelectMultiValueEnumOslc" startTimestamp="2014-03-18T09:44:09" time="0.139" />
  <testcase classname="com.ibm.rdm.client.api.tests.views.execution.MultiValueViewServiceExecutionTest" endTimestamp="2014-03-18T09:44:10" id="2e202f03-c217-4685-a115-c691b5ee3e7f" name="testMultiFetchGroupings" startTimestamp="2014-03-18T09:44:09" time="0.2" />
  <testcase classname="com.ibm.rdm.client.api.tests.views.execution.MultiValueViewServiceExecutionTest" endTimestamp="2014-03-18T09:44:10" id="0eef3064-50e8-4566-81e1-f7702d70c383" name="testGridViewSelectMultiValueEnumInModule" startTimestamp="2014-03-18T09:44:10" time="0.084" />
  <testcase classname="com.ibm.rdm.client.api.tests.views.execution.MultiValueViewServiceExecutionTest" endTimestamp="2014-03-18T09:44:10" id="9fea91a6-3149-4c37-8e7e-31e2dcfbbbe8" name="testGridViewSelectMvEnumWhereMvInOrderByMvDescDwAsc" startTimestamp="2014-03-18T09:44:10" time="0.215" />
  <testcase classname="com.ibm.rdm.client.api.tests.views.execution.WildcardViewServiceExecutionTest" endTimestamp="2014-03-18T09:44:10" id="9cdaee35-f6f5-4fb1-8b09-67167d186014" name="testSelectWildcardAsOslc" startTimestamp="2014-03-18T09:44:10" time="0.618" />
  <testcase classname="com.ibm.rdm.client.api.tests.views.execution.WildcardViewServiceExecutionTest" endTimestamp="2014-03-18T09:44:11" id="78120cb4-ef44-460d-9f43-75550b60c666" name="testSelectWildcard" startTimestamp="2014-03-18T09:44:10" time="0.664" />
  <testcase classname="com.ibm.rdm.client.api.tests.views.execution.NestViewServiceExecutionTest" endTimestamp="2014-03-18T09:44:13" id="f5f1bf96-34aa-422d-9e74-ba7ba6f7421a" name="testNestedSelectAndOrderByWhere1Oslc" startTimestamp="2014-03-18T09:44:11" time="1.445" />
  <testcase classname="com.ibm.rdm.client.api.tests.views.execution.NestViewServiceExecutionTest" endTimestamp="2014-03-18T09:44:13" id="35b56ca6-d9e7-4775-8b31-587002794b43" name="testNestedSelectAndOrderByOslc" startTimestamp="2014-03-18T09:44:13" time="0.29" />
  <testcase classname="com.ibm.rdm.client.api.tests.views.execution.NestViewServiceExecutionTest" endTimestamp="2014-03-18T09:44:14" id="41d619c9-fe70-4b21-a6b8-e2a42a2ebd16" name="testNestedSelectAndOrderByWhere1Rql" startTimestamp="2014-03-18T09:44:13" time="1.44" />
  <testcase classname="com.ibm.rdm.client.api.tests.views.execution.NestViewServiceExecutionTest" endTimestamp="2014-03-18T09:44:16" id="32db898d-bcf9-4fc1-8bf6-1aa2d55edd2c" name="testNestedSelectAndOrderByWhere2Rql" startTimestamp="2014-03-18T09:44:14" time="1.326" />
  <testcase classname="com.ibm.rdm.client.api.tests.views.execution.NestViewServiceExecutionTest" endTimestamp="2014-03-18T09:44:16" id="a62987d8-b9ce-48c8-bf55-92acf1645388" name="testNestedSelectAndOrderByRql" startTimestamp="2014-03-18T09:44:16" time="0.321" />
  <testcase classname="com.ibm.rdm.client.api.tests.views.execution.NestViewServiceExecutionTest" endTimestamp="2014-03-18T09:44:16" id="63a5b302-9e56-4d8f-a4c5-cec0c39e963c" name="testSelectHierarchyTraceIdentifierRql" startTimestamp="2014-03-18T09:44:16" time="0.256" />
  <testcase classname="com.ibm.rdm.client.api.tests.views.execution.NestViewServiceExecutionTest" endTimestamp="2014-03-18T09:44:16" id="c3c64dcc-83b3-43ef-a11f-2a1925aa9c33" name="testSelectHierarchyTraceIdentifierOslc" startTimestamp="2014-03-18T09:44:16" time="0.182" />
  <testcase classname="com.ibm.rdm.client.api.tests.views.execution.NestViewServiceExecutionTest" endTimestamp="2014-03-18T09:44:16" id="6b716951-8fc1-447e-a759-def45538dd32" name="testSelectHierarchyTitleOslc" startTimestamp="2014-03-18T09:44:16" time="0.125" />
  <testcase classname="com.ibm.rdm.client.api.tests.views.execution.NestViewServiceExecutionTest" endTimestamp="2014-03-18T09:44:17" id="06c5549b-6e99-4f8f-8a6d-35f499a38515" name="testSelectTraceIdentifierModuleBindingToModuleBindingRql" startTimestamp="2014-03-18T09:44:16" time="0.222" />
  <testcase classname="com.ibm.rdm.client.api.tests.views.execution.NestViewServiceExecutionTest" endTimestamp="2014-03-18T09:44:17" id="266cfa9d-9d82-462c-941d-1d53f6f48b24" name="testSelectHierarchyTitleRql" startTimestamp="2014-03-18T09:44:17" time="0.122" />
  <testcase classname="com.ibm.rdm.client.api.tests.views.execution.NestViewServiceExecutionTest" endTimestamp="2014-03-18T09:44:17" id="bd4b98e1-8d72-4f97-854e-94e4e10f6bc7" name="testSelectLinkObjectProperties" startTimestamp="2014-03-18T09:44:17" time="0.152" />
  <testcase classname="com.ibm.rdm.client.api.tests.views.execution.OslcOnlyViewServiceExecutionTest" endTimestamp="2014-03-18T09:44:17" id="d1f8e565-1c7a-49eb-b123-ec6d1b642aa7" name="testWhereWithUsesThroughCollection1" startTimestamp="2014-03-18T09:44:17" time="0.241" />
  <testcase classname="com.ibm.rdm.client.api.tests.views.execution.OslcOnlyViewServiceExecutionTest" endTimestamp="2014-03-18T09:44:18" id="30569dc9-4f8b-4f63-86fd-2d042b86c2b7" name="testSelectWhereRdfTypeRequirement" startTimestamp="2014-03-18T09:44:17" time="0.453" />
  <testcase classname="com.ibm.rdm.client.api.tests.views.execution.OslcOnlyViewServiceExecutionTest" endTimestamp="2014-03-18T09:44:18" id="7cca6ebb-5e0e-4df6-8366-c6e185f89ab6" name="testSelectWhereRdfTypeRequirementOrRequirementCollection" startTimestamp="2014-03-18T09:44:18" time="0.558" />
  <testcase classname="com.ibm.rdm.client.api.tests.views.execution.OslcOnlyViewServiceExecutionTest" endTimestamp="2014-03-18T09:44:18" id="41327075-c318-4b0b-a68e-2626edac0ba2" name="testWherePrimaryText" startTimestamp="2014-03-18T09:44:18" time="0.208" />
  <testcase classname="com.ibm.rdm.client.api.tests.views.execution.OslcOnlyViewServiceExecutionTest" endTimestamp="2014-03-18T09:44:19" id="4d5f2232-2a5c-4b69-966c-e0eda22d77e2" name="testWhereInstanceShape" startTimestamp="2014-03-18T09:44:18" time="0.159" />
  <testcase classname="com.ibm.rdm.client.api.tests.views.execution.OslcOnlyViewServiceExecutionTest" endTimestamp="2014-03-18T09:44:19" id="6189a3b4-b90e-49b2-a5bc-2760af14dadd" name="testSelectThroughCollection1" startTimestamp="2014-03-18T09:44:19" time="0.134" />
  <testcase classname="com.ibm.rdm.client.api.tests.views.execution.OslcOnlyViewServiceExecutionTest" endTimestamp="2014-03-18T09:44:19" id="957bdbec-14bf-4aa5-9269-19d31fb8d09d" name="testSelectThroughCollection2" startTimestamp="2014-03-18T09:44:19" time="0.141" />
  <testcase classname="com.ibm.rdm.client.api.tests.views.execution.OslcOnlyViewServiceExecutionTest" endTimestamp="2014-03-18T09:44:19" id="a0266b7f-dd6b-4637-b8f1-032381970b18" name="testSelectUsesFromRequirementCollection" startTimestamp="2014-03-18T09:44:19" time="0.221" />
  <testcase classname="com.ibm.rdm.client.api.tests.views.execution.OslcOnlyViewServiceExecutionTest" endTimestamp="2014-03-18T09:44:19" id="31ab1811-aa7c-465e-b714-04ab084dfafa" name="testSelectWhereRdfTypeRequirementCollection" startTimestamp="2014-03-18T09:44:19" time="0.194" />
  <testcase classname="com.ibm.rdm.client.api.tests.views.execution.OslcOnlyViewServiceExecutionTest" endTimestamp="2014-03-18T09:44:19" id="734e917e-58d1-4409-8535-af5fcfc6927b" name="testSelectMultiLevelNestedInlineThroughCollection1" startTimestamp="2014-03-18T09:44:19" time="0.127" />
  <testcase classname="com.ibm.rdm.client.api.tests.views.execution.OslcOnlyViewServiceExecutionTest" endTimestamp="2014-03-18T09:44:20" id="4c7fdd1b-9369-4edf-bf57-e244e972d889" name="testSelectLinkThroughCollection1" startTimestamp="2014-03-18T09:44:19" time="0.157" />
  <testcase classname="com.ibm.rdm.client.api.tests.views.execution.OslcOnlyViewServiceExecutionTest" endTimestamp="2014-03-18T09:44:20" id="271093ce-79f0-46bc-be98-c51ed1cabd88" name="testSelectWildcardOnRequirementRetrieveOslcLink" startTimestamp="2014-03-18T09:44:20" time="0.621" />
  <testcase classname="com.ibm.rdm.client.api.tests.views.execution.OslcOnlyViewServiceExecutionTest" endTimestamp="2014-03-18T09:44:20" id="4e9b5b76-5af2-4ea7-a9ff-f4eca702b4d0" name="testSelectPropertiesFromResourceBaseUrl" startTimestamp="2014-03-18T09:44:20" time="0.077" />
  <testcase classname="com.ibm.rdm.client.api.tests.views.execution.OslcOnlyViewServiceExecutionTest" endTimestamp="2014-03-18T09:44:20" id="e8f1d02f-d6cd-4ff6-9635-66bf78a22add" name="testSelectWhereRdfTypeUnknown" startTimestamp="2014-03-18T09:44:20" time="0.05" />
  <testcase classname="com.ibm.rdm.client.api.tests.views.execution.OslcOnlyViewServiceExecutionTest" endTimestamp="2014-03-18T09:44:20" id="c4f8cf98-4341-4a02-97c5-b6e7fe875700" name="testSelectNestedInlineThroughCollection1" startTimestamp="2014-03-18T09:44:20" time="0.102" />
  <testcase classname="com.ibm.rdm.client.api.tests.views.execution.OslcOnlyViewServiceExecutionTest" endTimestamp="2014-03-18T09:44:21" id="32ef7e7e-c7ef-411d-97f1-9202d3a8db3f" name="testSelectValidatedByOslcLink" startTimestamp="2014-03-18T09:44:20" time="0.124" />
  <testcase classname="com.ibm.rdm.client.api.tests.views.execution.BetweenViewServiceExecutionTest" endTimestamp="2014-03-18T09:44:21" id="66c131d0-c4f7-4f6f-a3a4-e32b1901310b" name="testGridViewFloatBetween" startTimestamp="2014-03-18T09:44:21" time="0.122" />
  <testcase classname="com.ibm.rdm.client.api.tests.views.execution.BetweenViewServiceExecutionTest" endTimestamp="2014-03-18T09:44:21" id="6a5309d3-8e4f-4cab-991b-2f7b34692d72" name="testGridViewDateNotBetween" startTimestamp="2014-03-18T09:44:21" time="0.173" />
  <testcase classname="com.ibm.rdm.client.api.tests.views.execution.BetweenViewServiceExecutionTest" endTimestamp="2014-03-18T09:44:21" id="01fd5c5e-5ff3-418b-a684-3a67f4b2048a" name="testGridViewDateBetween" startTimestamp="2014-03-18T09:44:21" time="0.118" />
  <testcase classname="com.ibm.rdm.client.api.tests.views.execution.BetweenViewServiceExecutionTest" endTimestamp="2014-03-18T09:44:21" id="2a58f07e-868a-44a0-ac2c-b41f7e2dce97" name="testGridViewXmlLiteralFieldBetween" startTimestamp="2014-03-18T09:44:21" time="0.102" />
  <testcase classname="com.ibm.rdm.client.api.tests.views.execution.BetweenViewServiceExecutionTest" endTimestamp="2014-03-18T09:44:21" id="9457bf90-2490-4822-9ae1-b2c5ebcecc46" name="testGridViewIntegerBetween" startTimestamp="2014-03-18T09:44:21" time="0.184" />
  <testcase classname="com.ibm.rdm.client.api.tests.views.execution.CrossProjectViewServiceExecutionTest" endTimestamp="2014-03-18T09:44:21" id="2dbcd724-0498-4f2a-bb0d-55900cddd1a6" name="testGridViewCrossProjectWithProjectLevelArtifactFormatEquals" startTimestamp="2014-03-18T09:44:21" time="0.214" />
  <testcase classname="com.ibm.rdm.client.api.tests.views.execution.CrossProjectViewServiceExecutionTest" endTimestamp="2014-03-18T09:44:22" id="1dbc3414-ab5d-46a0-b648-2cef8114ba79" name="testGridRowQueryTracedOutOrHeirarchyInCrossProject" startTimestamp="2014-03-18T09:44:21" time="0.211" />
  <testcase classname="com.ibm.rdm.client.api.tests.views.execution.CrossProjectViewServiceExecutionTest" endTimestamp="2014-03-18T09:44:22" id="0467682f-6dcb-484e-a132-15cf5d191d50" name="testGridViewCrossProjectFormatCollection" startTimestamp="2014-03-18T09:44:22" time="0.149" />
  <testcase classname="com.ibm.rdm.client.api.tests.views.execution.CrossProjectViewServiceExecutionTest" endTimestamp="2014-03-18T09:44:22" id="cadfc623-2e7a-4730-ba41-6c06834ea6e6" name="testGridViewByDescriptionAndIdentifierCrossProject" startTimestamp="2014-03-18T09:44:22" time="0.093" />
  <testcase classname="com.ibm.rdm.client.api.tests.views.execution.CrossProjectViewServiceExecutionTest" endTimestamp="2014-03-18T09:44:22" id="38238b74-935a-401d-9cc0-777d2a18c2c0" name="testGridRowQueryTracedInOrHeirarchyOutCrossProject" startTimestamp="2014-03-18T09:44:22" time="0.256" />
  <testcase classname="com.ibm.rdm.client.api.tests.views.execution.CrossProjectViewServiceExecutionTest" endTimestamp="2014-03-18T09:44:22" id="6f093321-d324-4b40-bbc0-080a53ad2736" name="testGridViewByIdentifierCrossProject" startTimestamp="2014-03-18T09:44:22" time="0.098" />
  <testcase classname="com.ibm.rdm.client.api.tests.views.execution.CrossProjectViewServiceExecutionTest" endTimestamp="2014-03-18T09:44:22" id="8eaebf55-5096-4901-8735-4517e8ad5263" name="testGridViewCrossProject" startTimestamp="2014-03-18T09:44:22" time="0.178" />
  <testcase classname="com.ibm.rdm.client.api.tests.views.execution.CrossProjectViewServiceExecutionTest" endTimestamp="2014-03-18T09:44:23" id="8b6a8511-b3aa-4011-8e8a-c8ed75e3885f" name="testGridViewByTitleAndIdentifierCrossProject" startTimestamp="2014-03-18T09:44:22" time="0.113" />
  <testcase classname="com.ibm.rdm.client.api.tests.views.execution.CrossProjectViewServiceExecutionTest" endTimestamp="2014-03-18T09:44:23" id="76f0297e-e7b5-4844-b6d2-e840b7529a91" name="testGridRowQueryTracedOutCrossProject" startTimestamp="2014-03-18T09:44:23" time="0.176" />
  <testcase classname="com.ibm.rdm.client.api.tests.views.execution.DrillDownViewServiceExecutionTest" endTimestamp="2014-03-18T09:44:24" id="07be1842-d2dd-487c-9430-0f801d4715eb" name="testGridViewDrillDownR2toR1andR3" startTimestamp="2014-03-18T09:44:23" time="0.855" />
  <testcase classname="com.ibm.rdm.client.api.tests.views.execution.DrillDownViewServiceExecutionTest" endTimestamp="2014-03-18T09:44:25" id="f936d5ca-799b-435c-a665-3a173a4c3f62" name="testGridViewDrillDownCrossProjectR4toR6ThenBack" startTimestamp="2014-03-18T09:44:24" time="1.839" />
  <testcase classname="com.ibm.rdm.client.api.tests.views.execution.DrillDownViewServiceExecutionTest" endTimestamp="2014-03-18T09:44:28" id="cfad43fe-3810-43a5-8a5c-d7dcdc7019f7" name="testGridViewDrillDownShowTraceInForSourceUserReqAndTargetServiceSpec" startTimestamp="2014-03-18T09:44:25" time="2.083" />
  <testcase classname="com.ibm.rdm.client.api.tests.views.execution.DrillDownViewServiceExecutionTest" endTimestamp="2014-03-18T09:44:28" id="9071a53c-a8a2-4888-a9be-cbc1d116408a" name="testGridViewDrillDownR1andR2TraceOut" startTimestamp="2014-03-18T09:44:28" time="0.84" />
  <testcase classname="com.ibm.rdm.client.api.tests.views.execution.DrillDownViewServiceExecutionTest" endTimestamp="2014-03-18T09:44:30" id="dcadd25c-8154-4d62-a36a-633f3a0436e9" name="testGridViewDrillDownShowHierarchyForSourceUserReq" startTimestamp="2014-03-18T09:44:28" time="2.061" />
  <testcase classname="com.ibm.rdm.client.api.tests.views.execution.DrillDownViewServiceExecutionTest" endTimestamp="2014-03-18T09:44:32" id="e45bfc32-9960-4ede-a567-6564d53154f9" name="testGridViewDrillDownShowHierarchyForSourceServiceSpecAndTargetServiceSpecShowTraceOutForSourceUserReqAndTargetServiceSpecWithDefaultShowTraceInSameAsVersion" startTimestamp="2014-03-18T09:44:30" time="1.895" />
  <testcase classname="com.ibm.rdm.client.api.tests.views.execution.DrillDownViewServiceExecutionTest" endTimestamp="2014-03-18T09:44:34" id="34455715-ca7d-4a92-a61b-172dc5a002f2" name="testGridViewDrillDownShowHierarchyForTargetUserReqWithUnmatchableLinkDefault" startTimestamp="2014-03-18T09:44:32" time="1.681" />
  <testcase classname="com.ibm.rdm.client.api.tests.views.execution.DrillDownViewServiceExecutionTest" endTimestamp="2014-03-18T09:44:35" id="fa9e3f82-c6ef-4c47-b584-f153879432f9" name="testGridViewDrillDownR1toR3" startTimestamp="2014-03-18T09:44:34" time="0.742" />
  <testcase classname="com.ibm.rdm.client.api.tests.views.execution.DrillDownViewServiceExecutionTest" endTimestamp="2014-03-18T09:44:35" id="1d0661ec-696a-47bb-ae00-e5d3a5879ed4" name="testGridViewDrillDownR6ToExternal" startTimestamp="2014-03-18T09:44:35" time="0.766" />
  <testcase classname="com.ibm.rdm.client.api.tests.views.execution.DrillDownViewServiceExecutionTest" endTimestamp="2014-03-18T09:44:37" id="4369d3b2-eea5-4c77-9ff5-21695ac29adb" name="testGridViewDrillDownShowHierarchyForSourceServiceSpecAndTargetServiceSpecShowTraceOutForSourceUserReqAndTargetServiceSpecWithDefaultShowTraceIn" startTimestamp="2014-03-18T09:44:35" time="1.873" />
  <testcase classname="com.ibm.rdm.client.api.tests.views.execution.DrillDownViewServiceExecutionTest" endTimestamp="2014-03-18T09:44:38" id="8ea0f4d1-c9ff-4769-b740-a026d0a615bd" name="testGridViewDrillUpR3toR4" startTimestamp="2014-03-18T09:44:37" time="0.766" />
  <testcase classname="com.ibm.rdm.client.api.tests.views.execution.DrillDownViewServiceExecutionTest" endTimestamp="2014-03-18T09:44:38" id="13de2082-b6b9-4110-ad5c-d9ddaae2e982" name="testGridViewDrillDownR2toR1andR3PageThrough" startTimestamp="2014-03-18T09:44:38" time="0.165" />
  <testcase classname="com.ibm.rdm.client.api.tests.views.execution.DrillDownViewServiceExecutionTest" endTimestamp="2014-03-18T09:44:41" id="dd487d89-6f61-47d3-8e28-849feb3b94c8" name="testGridViewDrillDown" startTimestamp="2014-03-18T09:44:38" time="2.406" />
  <testcase classname="com.ibm.rdm.client.api.tests.views.execution.DrillDownViewServiceExecutionTest" endTimestamp="2014-03-18T09:44:43" id="33115b18-4acf-422b-9c55-8ac79da3443a" name="testGridViewDrillDownShowAllRolesForSourceServiceSpecAndTargetServiceSpec" startTimestamp="2014-03-18T09:44:41" time="2.266" />
  <testcase classname="com.ibm.rdm.client.api.tests.views.execution.DrillDownViewServiceExecutionTest" endTimestamp="2014-03-18T09:44:45" id="c7d99b99-65b0-4cbc-835e-835b4344ce0b" name="testGridViewDrillDownShowHierarchyForSourceServiceSpecAndTargetServiceSpec" startTimestamp="2014-03-18T09:44:43" time="2.335" />
  <testcase classname="com.ibm.rdm.client.api.tests.views.execution.DrillDownViewServiceExecutionTest" endTimestamp="2014-03-18T09:44:47" id="4ae38c3a-78fa-412b-a343-32bad840eea9" name="testGridViewDrillDownShowHierarchyForSourceServiceSpecAndTargetServiceSpecShowTraceOutForSourceUserReqAndTargetServiceSpec" startTimestamp="2014-03-18T09:44:45" time="1.976" />
  <testcase classname="com.ibm.rdm.client.api.tests.views.execution.DrillDownViewServiceExecutionTest" endTimestamp="2014-03-18T09:44:49" id="aca5a167-1b46-491f-aa6d-4bfb5ccaf1e6" name="testGridViewDrillDownShowHierarchyForTargetUserReq" startTimestamp="2014-03-18T09:44:47" time="2.199" />
  <testcase classname="com.ibm.rdm.client.api.tests.views.execution.DrillDownViewServiceExecutionTest" endTimestamp="2014-03-18T09:44:51" id="988c5ae2-0122-4c5a-9262-479ccc43eb48" name="testGridViewDrillDownShowHierarchyForSourceServiceSpecAndTargetServiceSpecShowTraceOutForSourceUserReqAndTargetServiceSpecWithDefaultShowHierarchyOut" startTimestamp="2014-03-18T09:44:49" time="1.816" />
  <testcase classname="com.ibm.rdm.client.api.tests.views.execution.DrillDownViewServiceExecutionTest" endTimestamp="2014-03-18T09:44:53" id="5ff405f6-ccb3-40dc-8076-8c0cf7dc9593" name="testGridViewDrillDownShowTraceOutForSourceUserReqAndTargetServiceSpec" startTimestamp="2014-03-18T09:44:51" time="1.995" />
  <testcase classname="com.ibm.rdm.client.api.tests.views.execution.DrillDownSummaryViewServiceExecutionTest" endTimestamp="2014-03-18T09:44:53" id="ed459bcc-a774-48bb-a651-9593f188c24c" name="testGridViewDrillDownSummaryLinkToCalmQuery" startTimestamp="2014-03-18T09:44:53" time="0.13" />
  <testcase classname="com.ibm.rdm.client.api.tests.views.execution.DrillDownSummaryViewServiceExecutionTest" endTimestamp="2014-03-18T09:44:54" id="cf59ff4d-e18f-49e5-8d44-7d0284c87398" name="testGridViewDrillDownSummaryHierarchyOut" startTimestamp="2014-03-18T09:44:53" time="0.4" />
  <testcase classname="com.ibm.rdm.client.api.tests.views.execution.DrillDownSummaryViewServiceExecutionTest" endTimestamp="2014-03-18T09:44:54" id="83f74020-2b58-4fd2-9b38-f6aba98b02e1" name="testGridViewDrillDownSummaryShowOnlyHierarchyForUserReq" startTimestamp="2014-03-18T09:44:54" time="0.594" />
  <testcase classname="com.ibm.rdm.client.api.tests.views.execution.DrillDownSummaryViewServiceExecutionTest" endTimestamp="2014-03-18T09:44:55" id="50d6b05e-55fa-48a2-8fb8-a04260ffb2f4" name="testGridViewDrillDownSummaryShowHierarchyForUserReqAndTraceForServiceSpecWithDefault" startTimestamp="2014-03-18T09:44:54" time="0.472" />
  <testcase classname="com.ibm.rdm.client.api.tests.views.execution.DrillDownSummaryViewServiceExecutionTest" endTimestamp="2014-03-18T09:44:56" id="08fd378c-836c-4b5a-9b6a-bc560811ce74" name="testGridViewDrillDownSummaryShowOnlyTraceForServiceSpec" startTimestamp="2014-03-18T09:44:55" time="0.627" />
  <testcase classname="com.ibm.rdm.client.api.tests.views.execution.DrillDownSummaryViewServiceExecutionTest" endTimestamp="2014-03-18T09:44:56" id="d5c043f1-c971-4f58-b393-982e23486881" name="testGridViewDrillDownSummaryShowOnlyTraceForUserReq" startTimestamp="2014-03-18T09:44:56" time="0.612" />
  <testcase classname="com.ibm.rdm.client.api.tests.views.execution.DrillDownSummaryViewServiceExecutionTest" endTimestamp="2014-03-18T09:44:57" id="2085717d-58cd-400a-9d27-82576cf57d8a" name="testGridViewDrillDownSummaryShowHierarchyForUserReqAndTraceForServiceSpec" startTimestamp="2014-03-18T09:44:56" time="0.468" />
  <testcase classname="com.ibm.rdm.client.api.tests.views.execution.DrillDownSummaryViewServiceExecutionTest" endTimestamp="2014-03-18T09:44:57" id="882fe2f0-6db1-49d4-9b1a-ffe9d223f0e9" name="testGridViewDrillDownSummaryTraceIn" startTimestamp="2014-03-18T09:44:57" time="0.361" />
  <testcase classname="com.ibm.rdm.client.api.tests.views.execution.DrillDownSummaryViewServiceExecutionTest" endTimestamp="2014-03-18T09:44:58" id="0ac5fe21-0df6-4da5-a532-c871f3e78675" name="testGridViewDrillDownSummaryShowOnlyHierarchyForServiceSpec" startTimestamp="2014-03-18T09:44:57" time="0.643" />
  <testcase classname="com.ibm.rdm.client.api.tests.views.execution.DrillDownSummaryViewServiceExecutionTest" endTimestamp="2014-03-18T09:44:58" id="f117dea6-b36a-4e55-8d97-e161b3852d95" name="testGridViewDrillDownSummary" startTimestamp="2014-03-18T09:44:58" time="0.793" />
[...]
  <testcase classname="com.ibm.rdm.client.api.tests.publish.TextTest" endTimestamp="2014-03-18T12:40:26" id="2d985e2f-4f95-49a3-93b4-763f4c275718" name="testTypeFilterWithProjectFilter" startTimestamp="2014-03-18T12:40:10" time="16.04" />
  <testcase classname="com.ibm.rdm.client.api.tests.publish.TextTest" endTimestamp="2014-03-18T12:40:26" id="eb43ce3d-843f-4064-a21e-d501c044987c" name="testViewNameFilterNoProjectNeg" startTimestamp="2014-03-18T12:40:26" time="0.046" />
  <testcase classname="com.ibm.rdm.client.api.tests.publish.TextTest" endTimestamp="2014-03-18T12:40:27" id="e2f8c904-bf51-4e5c-aee3-346a689ecc3b" name="testMetadata" startTimestamp="2014-03-18T12:40:26" time="0.102" />
  <testcase classname="com.ibm.rdm.client.api.tests.publish.TextTest" endTimestamp="2014-03-18T12:40:44" id="ca20a8eb-9e89-420c-8ae6-f1be32104133" name="testTypeNameFilter" startTimestamp="2014-03-18T12:40:27" time="17.237" />
  <testcase classname="com.ibm.rdm.client.api.tests.publish.TextTest" endTimestamp="2014-03-18T12:40:44" id="ffef648e-6de0-4eef-8773-27ae047784bb" name="testViewUriFilterNotValidNeg" startTimestamp="2014-03-18T12:40:44" time="0.127" />
  <testcase classname="com.ibm.rdm.client.api.tests.publish.TextTest" endTimestamp="2014-03-18T12:40:44" id="37035394-4e55-4276-86c7-14f884bc98e4" name="testViewNameFilterNotValidNeg" startTimestamp="2014-03-18T12:40:44" time="0.121" />
  <testcase classname="com.ibm.rdm.client.api.tests.publish.TextTest" endTimestamp="2014-03-18T12:41:11" id="128fed6d-2115-496c-bf74-f675d9edc9a5" name="testPaging" startTimestamp="2014-03-18T12:40:44" time="26.513" />
  <testcase classname="com.ibm.rdm.client.api.tests.publish.TextTest" endTimestamp="2014-03-18T12:41:28" id="5cf65eaa-1c2a-4fcd-9269-2390ed350609" name="testTypeFilter" startTimestamp="2014-03-18T12:41:11" time="17.368" />
  <testcase classname="com.ibm.rdm.client.api.tests.publish.TextTest" endTimestamp="2014-03-18T12:41:28" id="78b181ab-8979-4199-96e8-642974c8fac0" name="testBaselineSavedFilter" startTimestamp="2014-03-18T12:41:28" time="0.0010" />
  <testcase classname="com.ibm.rdm.client.api.tests.publish.TextTest" endTimestamp="2014-03-18T12:41:49" id="026ea8ec-7238-414b-9937-95f5b7ec7511" name="testSavedFilterAddRemove" startTimestamp="2014-03-18T12:41:28" time="21.348" />
  <testcase classname="com.ibm.rdm.client.api.tests.publish.TermsTest" endTimestamp="2014-03-18T12:42:13" id="c283d700-a288-43f1-97f8-21e3c46ff16c" name="testMultipleDifferentResources" startTimestamp="2014-03-18T12:41:49" time="23.191" />
  <testcase classname="com.ibm.rdm.client.api.tests.publish.TermsTest" endTimestamp="2014-03-18T12:42:19" id="94f90470-66da-4657-9718-6be147e63b27" name="testMultipleResources" startTimestamp="2014-03-18T12:42:13" time="6.545" />
  <testcase classname="com.ibm.rdm.client.api.tests.publish.TermsTest" endTimestamp="2014-03-18T12:42:20" id="863be343-a086-4219-ad41-0e56b0e08618" name="testTypeNameFilterNotValidNeg" startTimestamp="2014-03-18T12:42:19" time="0.486" />
  <testcase classname="com.ibm.rdm.client.api.tests.publish.TermsTest" endTimestamp="2014-03-18T12:42:20" id="94567a36-f280-47c1-9c44-6e30103547c6" name="testBaselineFilter" startTimestamp="2014-03-18T12:42:20" time="0.0" />
  <testcase classname="com.ibm.rdm.client.api.tests.publish.TermsTest" endTimestamp="2014-03-18T12:42:48" id="d0788032-e3f9-462d-b562-58ce18a3e732" name="testSavedFilterMultiple" startTimestamp="2014-03-18T12:42:20" time="28.487" />
  <testcase classname="com.ibm.rdm.client.api.tests.publish.TermsTest" endTimestamp="2014-03-18T12:42:48" id="8045ba28-20a5-499b-aebb-8d7ee8108950" name="testTypeUriFilterNotValidNeg" startTimestamp="2014-03-18T12:42:48" time="0.277" />
  <testcase classname="com.ibm.rdm.client.api.tests.publish.TermsTest" endTimestamp="2014-03-18T12:43:23" id="f57e3e8d-4890-4925-b7f9-1b12c6be9d46" name="testFilterByProject" startTimestamp="2014-03-18T12:42:48" time="34.994" />
  <testcase classname="com.ibm.rdm.client.api.tests.publish.TermsTest" endTimestamp="2014-03-18T12:43:28" id="486f74b1-56b9-4393-b8ba-e1e7b718e047" name="testSingleResource" startTimestamp="2014-03-18T12:43:23" time="5.17" />
  <testcase classname="com.ibm.rdm.client.api.tests.publish.TermsTest" endTimestamp="2014-03-18T12:43:48" id="5ab5764c-9226-4b8b-b4da-e24d0d7fed62" name="testSavedFilter" startTimestamp="2014-03-18T12:43:28" time="19.585" />
  <testcase classname="com.ibm.rdm.client.api.tests.publish.TermsTest" endTimestamp="2014-03-18T12:44:06" id="1bc21ef7-898c-4614-b308-83ca76758111" name="testTypeFilterMultiple" startTimestamp="2014-03-18T12:43:48" time="18.125" />
  <testcase classname="com.ibm.rdm.client.api.tests.publish.TermsTest" endTimestamp="2014-03-18T12:44:06" id="a5360e5a-b96a-427e-8683-8357255579f2" name="testTypeNameFilterNoProjectNeg" startTimestamp="2014-03-18T12:44:06" time="0.046" />
  <testcase classname="com.ibm.rdm.client.api.tests.publish.TermsTest" endTimestamp="2014-03-18T12:44:18" id="725eaccf-5cb0-496d-8176-bf0e8e19d1b7" name="testTypeFilterWithProjectFilter" startTimestamp="2014-03-18T12:44:06" time="11.935" />
  <testcase classname="com.ibm.rdm.client.api.tests.publish.TermsTest" endTimestamp="2014-03-18T12:44:18" id="1c60012e-f1f8-40a0-8d38-bcab31de9f50" name="testViewNameFilterNoProjectNeg" startTimestamp="2014-03-18T12:44:18" time="0.044" />
  <testcase classname="com.ibm.rdm.client.api.tests.publish.TermsTest" endTimestamp="2014-03-18T12:44:18" id="0a319408-11e7-4403-b6ed-cb8c1f474608" name="testMetadata" startTimestamp="2014-03-18T12:44:18" time="0.261" />
  <testcase classname="com.ibm.rdm.client.api.tests.publish.TermsTest" endTimestamp="2014-03-18T12:44:31" id="0e0b031e-486d-4d6e-85b3-8e97142e97e3" name="testTypeNameFilter" startTimestamp="2014-03-18T12:44:18" time="12.164" />
  <testcase classname="com.ibm.rdm.client.api.tests.publish.TermsTest" endTimestamp="2014-03-18T12:44:31" id="2b45d829-e55d-4356-911a-e93c01775d52" name="testViewUriFilterNotValidNeg" startTimestamp="2014-03-18T12:44:31" time="0.094" />
  <testcase classname="com.ibm.rdm.client.api.tests.publish.TermsTest" endTimestamp="2014-03-18T12:44:31" id="7fc5573d-3913-40e9-b0f7-eb203694d524" name="testViewNameFilterNotValidNeg" startTimestamp="2014-03-18T12:44:31" time="0.105" />
  <testcase classname="com.ibm.rdm.client.api.tests.publish.TermsTest" endTimestamp="2014-03-18T12:44:47" id="71d5e484-6933-4287-8b23-d8a9accff708" name="testPaging" startTimestamp="2014-03-18T12:44:31" time="16.506" />
  <testcase classname="com.ibm.rdm.client.api.tests.publish.TermsTest" endTimestamp="2014-03-18T12:45:00" id="3d268890-9e3e-4e22-8d4e-e29323809ee6" name="testTypeFilter" startTimestamp="2014-03-18T12:44:47" time="12.676" />
  <testcase classname="com.ibm.rdm.client.api.tests.publish.TermsTest" endTimestamp="2014-03-18T12:45:00" id="814c5ffb-0263-423c-b3ef-82b7602cc703" name="testBaselineSavedFilter" startTimestamp="2014-03-18T12:45:00" time="0.0" />
  <testcase classname="com.ibm.rdm.client.api.tests.publish.TermsTest" endTimestamp="2014-03-18T12:45:16" id="67f45d72-28dd-4533-a168-ea3c0301be65" name="testSavedFilterAddRemove" startTimestamp="2014-03-18T12:45:00" time="15.765" />
  <testcase classname="com.ibm.rdm.client.api.tests.publish.CollectionsTest" endTimestamp="2014-03-18T12:45:21" id="b0551a25-738f-4886-a0ec-a85b2071cc4d" name="testSavedFilterMultiple" startTimestamp="2014-03-18T12:45:16" time="5.483" />
  <testcase classname="com.ibm.rdm.client.api.tests.publish.CollectionsTest" endTimestamp="2014-03-18T12:45:33" id="ca7792a0-b7aa-46cf-a740-c394cd49bd46" name="testLinks" startTimestamp="2014-03-18T12:45:21" time="11.646" />
  <testcase classname="com.ibm.rdm.client.api.tests.publish.CollectionsTest" endTimestamp="2014-03-18T12:45:33" id="6c86c160-5a68-4955-9cb6-fc90aa205095" name="testSavedFilter" startTimestamp="2014-03-18T12:45:33" time="0.0010" />
  <testcase classname="com.ibm.rdm.client.api.tests.publish.CollectionsTest" endTimestamp="2014-03-18T12:45:33" id="f9d76e59-0f48-45c0-a01e-0e16fb6c94b0" name="testTypeFilterMultiple" startTimestamp="2014-03-18T12:45:33" time="0.0" />
  <testcase classname="com.ibm.rdm.client.api.tests.publish.CollectionsTest" endTimestamp="2014-03-18T12:45:46" id="7e6d93ba-92c7-407d-ba68-5b7490b29250" name="testCollectionWithDeletedArtifact" startTimestamp="2014-03-18T12:45:33" time="13.275" />
  <testcase classname="com.ibm.rdm.client.api.tests.publish.CollectionsTest" endTimestamp="2014-03-18T12:45:46" id="f6b3e6e3-901f-4b20-8334-3fff6e154b5c" name="testTypeFilterWithProjectFilter" startTimestamp="2014-03-18T12:45:46" time="0.0010" />
  <testcase classname="com.ibm.rdm.client.api.tests.publish.CollectionsTest" endTimestamp="2014-03-18T12:45:46" id="42cc2555-cc63-42d3-8221-76100a460bbb" name="testTypeNameFilter" startTimestamp="2014-03-18T12:45:46" time="0.0" />
  <testcase classname="com.ibm.rdm.client.api.tests.publish.CollectionsTest" endTimestamp="2014-03-18T12:45:46" id="eaac2899-0812-44e5-82f5-66d67c6a562e" name="testGlossariesNeg" startTimestamp="2014-03-18T12:45:46" time="0.049" />
  <testcase classname="com.ibm.rdm.client.api.tests.publish.CollectionsTest" endTimestamp="2014-03-18T12:45:58" id="e99e8d50-6946-4161-bd54-8b84ac01a2f0" name="testCollections" startTimestamp="2014-03-18T12:45:46" time="11.791" />
  <testcase classname="com.ibm.rdm.client.api.tests.publish.CollectionsTest" endTimestamp="2014-03-18T12:45:58" id="373bf845-7b37-4248-8feb-d0b678c75037" name="testPaging" startTimestamp="2014-03-18T12:45:58" time="0.0" />
  <testcase classname="com.ibm.rdm.client.api.tests.publish.CollectionsTest" endTimestamp="2014-03-18T12:45:58" id="cc8c20be-2eb6-4343-8ab8-c1932a378fc1" name="testTypeFilter" startTimestamp="2014-03-18T12:45:58" time="0.0" />
  <testcase classname="com.ibm.rdm.client.api.tests.publish.CollectionsTest" endTimestamp="2014-03-18T12:45:58" id="03acdd60-38ed-4de8-ac97-d02073e5a274" name="testBaselineSavedFilter" startTimestamp="2014-03-18T12:45:58" time="0.0010" />
  <testcase classname="com.ibm.rdm.client.api.tests.publish.CollectionsTest" endTimestamp="2014-03-18T12:45:58" id="d71c1e17-8197-4d47-b677-77eb872a8188" name="testSavedFilterAddRemove" startTimestamp="2014-03-18T12:45:58" time="0.0" />
  <testcase classname="com.ibm.rdm.client.api.tests.publish.CollectionsTest" endTimestamp="2014-03-18T12:46:21" id="5ef3f93c-88d8-40f3-8a38-27c7291e8617" name="testMultipleResources" startTimestamp="2014-03-18T12:45:58" time="22.567" />
  <testcase classname="com.ibm.rdm.client.api.tests.publish.CollectionsTest" endTimestamp="2014-03-18T12:46:21" id="715787eb-7990-4ccf-b66e-8035660e782b" name="testTypeNameFilterNotValidNeg" startTimestamp="2014-03-18T12:46:21" time="0.613" />
  <testcase classname="com.ibm.rdm.client.api.tests.publish.CollectionsTest" endTimestamp="2014-03-18T12:46:21" id="647512d1-8ba8-48b0-a1ef-a1171b431966" name="testBaselineFilter" startTimestamp="2014-03-18T12:46:21" time="0.0" />
  <testcase classname="com.ibm.rdm.client.api.tests.publish.CollectionsTest" endTimestamp="2014-03-18T12:46:21" id="f6916ec8-9ba5-48c2-a6cd-9ef07f16e95d" name="testTypeUriFilterNotValidNeg" startTimestamp="2014-03-18T12:46:21" time="0.248" />
  <testcase classname="com.ibm.rdm.client.api.tests.publish.CollectionsTest" endTimestamp="2014-03-18T12:47:54" id="7b2f1d97-13b5-45f0-a9e7-138d4579a118" name="testFilterByProject" startTimestamp="2014-03-18T12:46:21" time="92.286" />
  <testcase classname="com.ibm.rdm.client.api.tests.publish.CollectionsTest" endTimestamp="2014-03-18T12:48:06" id="2d26a9a4-d1fa-4d19-9442-90c78c3797fe" name="testSingleResource" startTimestamp="2014-03-18T12:47:54" time="12.046" />
  <testcase classname="com.ibm.rdm.client.api.tests.publish.CollectionsTest" endTimestamp="2014-03-18T12:48:06" id="a0edb62a-a8e6-4f7b-b3f9-ee71bee1089a" name="testTypeNameFilterNoProjectNeg" startTimestamp="2014-03-18T12:48:06" time="0.05" />
  <testcase classname="com.ibm.rdm.client.api.tests.publish.CollectionsTest" endTimestamp="2014-03-18T12:48:06" id="c8a9bc00-ee97-442f-8fe6-78405c7e5e8a" name="testViewNameFilterNoProjectNeg" startTimestamp="2014-03-18T12:48:06" time="0.049" />
  <testcase classname="com.ibm.rdm.client.api.tests.publish.CollectionsTest" endTimestamp="2014-03-18T12:48:06" id="252846c0-1209-4750-bc90-9d2578b7b14b" name="testMetadata" startTimestamp="2014-03-18T12:48:06" time="0.105" />
  <testcase classname="com.ibm.rdm.client.api.tests.publish.CollectionsTest" endTimestamp="2014-03-18T12:48:06" id="3a3d1ca9-cf27-4c2f-974b-58093e598e35" name="testViewUriFilterNotValidNeg" startTimestamp="2014-03-18T12:48:06" time="0.227" />
  <testcase classname="com.ibm.rdm.client.api.tests.publish.CollectionsTest" endTimestamp="2014-03-18T12:48:08" id="de941ff1-9ef8-49f8-9bca-a53a76ff0cb9" name="testViewNameFilterNotValidNeg" startTimestamp="2014-03-18T12:48:06" time="1.313" />
  <testcase classname="com.ibm.rdm.client.api.tests.publish.CommentsTest" endTimestamp="2014-03-18T12:48:22" id="c670817a-2fba-4be2-b2dc-1eb91ee32092" name="testComments" startTimestamp="2014-03-18T12:48:08" time="14.081" />
  <testcase classname="com.ibm.rdm.client.api.tests.publish.CommentsTest" endTimestamp="2014-03-18T12:48:22" id="f73c057e-c8e6-4cfd-b4da-13e518d9dc25" name="testCommentsNeg" startTimestamp="2014-03-18T12:48:22" time="0.495" />
  <testcase classname="com.ibm.rdm.client.api.tests.publish.ReviewsTest" endTimestamp="2014-03-18T12:48:34" id="139049e0-c330-4bc7-8e03-f3c50b77e3e6" name="testReviews" startTimestamp="2014-03-18T12:48:22" time="11.438" />
  <testcase classname="com.ibm.rdm.client.api.tests.publish.RevisionsTest" endTimestamp="2014-03-18T12:48:39" id="16d0bcd1-aaf2-4ef6-a448-129bf0a17eff" name="testRevisionsNeg" startTimestamp="2014-03-18T12:48:34" time="5.191" />
  <testcase classname="com.ibm.rdm.client.api.tests.publish.RevisionsTest" endTimestamp="2014-03-18T12:48:50" id="332f55a6-453b-4239-bd06-d78b707e5575" name="testRevisions" startTimestamp="2014-03-18T12:48:39" time="11.733" />
  <testcase classname="com.ibm.rdm.client.api.tests.publish.PrintModulesTest" endTimestamp="2014-03-18T12:50:45" id="cc367d9a-f318-46e2-a115-d25cdbeadcbf" name="testPublishPrintViewFromModuleWithoutAttributes" startTimestamp="2014-03-18T12:48:50" time="114.924" />
  <testcase classname="com.ibm.rdm.client.api.tests.publish.PrintModulesTest" endTimestamp="2014-03-18T12:50:51" id="9c5f7fce-4e5c-44f5-bba6-0150dbcee92e" name="testPublishPrintViewFromModule" startTimestamp="2014-03-18T12:50:45" time="5.341" />
  <testcase classname="com.ibm.rdm.client.api.tests.publish.PrintModulesTest" endTimestamp="2014-03-18T12:50:51" id="0bc169b9-8d3a-4b94-870e-ca7a9622cf38" name="testPublishPrintViewBadRequest" startTimestamp="2014-03-18T12:50:51" time="0.085" />
  <testcase classname="com.ibm.rdm.client.api.tests.publish.PublishPrintViewsTest" endTimestamp="2014-03-18T12:50:57" id="e1c5f944-6f66-4a5c-aeb1-e3a32f9ee687" name="testPublishPrintViewFromModuleWithoutAttributes" startTimestamp="2014-03-18T12:50:51" time="6.071" />
  <testcase classname="com.ibm.rdm.client.api.tests.publish.PublishPrintViewsTest" endTimestamp="2014-03-18T12:51:03" id="f800abda-8519-4a4a-b500-20b1f98a9a25" name="testPublishPrintViewFromModule" startTimestamp="2014-03-18T12:50:57" time="5.875" />
  <testcase classname="com.ibm.rdm.client.api.tests.publish.PublishPrintViewsTest" endTimestamp="2014-03-18T12:51:03" id="d0cf05f7-fa3d-48cd-b815-376eda958f86" name="testPublishPrintViewBadRequest" startTimestamp="2014-03-18T12:51:03" time="0.073" />
  <testcase classname="com.ibm.rdm.client.api.tests.publish.PublishAPITest" endTimestamp="2014-03-18T12:51:11" id="9171629c-54fa-4734-9375-58cb78427f34" name="testTemplateLibrary" startTimestamp="2014-03-18T12:51:03" time="8.497" />
  <testcase classname="com.ibm.rdm.client.api.tests.publish.PublishAPITest" endTimestamp="2014-03-18T12:54:11" id="af2d3d03-1401-4111-a4d2-fc478aa362b5" name="testDeleteManyAttributeTypeInFeed" startTimestamp="2014-03-18T12:51:11" time="179.735" />
  <testcase classname="com.ibm.rdm.client.api.tests.publish.PublishAPITest" endTimestamp="2014-03-18T12:54:29" id="719bda66-9398-45a6-9eff-41ee629c29c9" name="testAuthentication" startTimestamp="2014-03-18T12:54:11" time="17.759" />
  <testcase classname="com.ibm.rdm.client.api.tests.publish.PublishAPITest" endTimestamp="2014-03-18T12:55:58" id="8637224a-5c9b-40c5-8edc-074f340643ab" name="testDeleteRequirementInFeed" startTimestamp="2014-03-18T12:54:29" time="89.628" />
  <testcase classname="com.ibm.rdm.client.api.tests.publish.PublishAPITest" endTimestamp="2014-03-18T12:56:17" id="5db68e3e-1fd5-46aa-b330-4f2d70511f93" name="testTemplateLibraryWithInitialization" startTimestamp="2014-03-18T12:55:58" time="18.31" />
  <testcase classname="com.ibm.rdm.client.api.tests.publish.PublishAPITest" endTimestamp="2014-03-18T12:56:33" id="d8098d47-184c-48ac-8373-e289ebb641da" name="testInitialization" startTimestamp="2014-03-18T12:56:17" time="15.93" />
  <testcase classname="com.ibm.rdm.client.api.tests.publish.PublishAPITest" endTimestamp="2014-03-18T12:57:43" id="4fc7e711-6ffe-4f81-ba38-0ce355f43076" name="testDeleteAttributeTypeInFeed" startTimestamp="2014-03-18T12:56:33" time="70.633" />
  <testcase classname="com.ibm.rdm.client.api.tests.publish.PublishAPITest" endTimestamp="2014-03-18T13:00:38" id="06adf527-afc2-4dcb-a833-ef5dd4a0b8ca" name="testLinksInFeed" startTimestamp="2014-03-18T12:57:43" time="175.147" />
  <testcase classname="com.ibm.rdm.client.api.tests.publish.PublishXMLTest" endTimestamp="2014-03-18T13:01:08" id="410bcd6a-5688-47d3-a170-d0df21e9b106" name="testSchemas" startTimestamp="2014-03-18T13:00:38" time="29.497" />
  <testcase classname="com.ibm.rdm.client.api.tests.publish.MaterializedViewReportingTest" endTimestamp="2014-03-18T13:02:56" id="c91b9032-96ed-4529-bdc0-5c6072f99ec0" name="testMaterializedViewReporting" startTimestamp="2014-03-18T13:01:08" time="108.137" />
  <testcase classname="com.ibm.rdm.client.api.tests.publish.MaterializedViewReportingTest" endTimestamp="2014-03-18T13:03:56" id="cc481b33-01b6-4263-be38-943e2943e232" name="testMaterializedViewReportingWithPaging" startTimestamp="2014-03-18T13:02:56" time="59.633" />
  <testcase classname="com.ibm.rdm.client.api.tests.LinkPreferencesServiceTest" endTimestamp="2014-03-18T13:04:09" id="344ae298-dde9-4a71-a7c2-1627ee9138b7" name="testDeleteLinkPreferencesByDeletingArtifactType" startTimestamp="2014-03-18T13:03:57" time="12.785" />
  <testcase classname="com.ibm.rdm.client.api.tests.LinkPreferencesServiceTest" endTimestamp="2014-03-18T13:04:15" id="2c61d013-6f59-4871-8cb5-f2bdee1c8526" name="testUpdateLinkPreferencesViaResourceUri" startTimestamp="2014-03-18T13:04:09" time="5.221" />
  <testcase classname="com.ibm.rdm.client.api.tests.LinkPreferencesServiceTest" endTimestamp="2014-03-18T13:04:27" id="33e0130f-5686-4d04-a0c7-804c432f18c1" name="testUpdateLinkPreferencesByDeletingContainingLinkType" startTimestamp="2014-03-18T13:04:15" time="12.189" />
  <testcase classname="com.ibm.rdm.client.api.tests.LinkPreferencesServiceTest" endTimestamp="2014-03-18T13:04:38" id="dc3a6e56-80f8-4ea1-b3aa-296e5870a84d" name="testGetAllLinkPreferencesViaProjectArea" startTimestamp="2014-03-18T13:04:27" time="10.71" />
  <testcase classname="com.ibm.rdm.client.api.tests.LinkPreferencesServiceTest" endTimestamp="2014-03-18T13:04:44" id="27b180de-c768-4560-8016-2ed765b1819a" name="testCreateAndRetrieveLinkPreferencesByCreatingArtifactType" startTimestamp="2014-03-18T13:04:38" time="6.448" />
  <testcase classname="com.ibm.rdm.client.api.tests.LinkPreferencesServiceTest" endTimestamp="2014-03-18T13:04:52" id="5e58ba4b-5326-4e41-adde-4ba0d6ae2f03" name="testUpdateLinkPreferencesViaProjectAreaAndArtifactType" startTimestamp="2014-03-18T13:04:44" time="7.898" />
</testsuite>

